{"C:\\Users\\Matthew\\CPEN321_Hacking_Company\\NeverEatAlone\\App.js": {"path":"C:\\Users\\Matthew\\CPEN321_Hacking_Company\\NeverEatAlone\\App.js","statementMap":{"0":{"start":{"line":8,"column":0},"end":{"line":8,"column":34}},"1":{"start":{"line":12,"column":15},"end":{"line":17,"column":2}},"2":{"start":{"line":21,"column":4},"end":{"line":21,"column":17}},"3":{"start":{"line":22,"column":4},"end":{"line":22,"column":35}},"4":{"start":{"line":31,"column":4},"end":{"line":41,"column":11}},"5":{"start":{"line":35,"column":29},"end":{"line":35,"column":52}},"6":{"start":{"line":37,"column":10},"end":{"line":37,"column":67}},"7":{"start":{"line":39,"column":10},"end":{"line":39,"column":38}},"8":{"start":{"line":45,"column":4},"end":{"line":55,"column":11}},"9":{"start":{"line":49,"column":29},"end":{"line":49,"column":52}},"10":{"start":{"line":51,"column":10},"end":{"line":51,"column":66}},"11":{"start":{"line":53,"column":10},"end":{"line":53,"column":36}},"12":{"start":{"line":59,"column":4},"end":{"line":70,"column":5}},"13":{"start":{"line":60,"column":19},"end":{"line":60,"column":26}},"14":{"start":{"line":61,"column":14},"end":{"line":61,"column":38}},"15":{"start":{"line":62,"column":6},"end":{"line":67,"column":7}},"16":{"start":{"line":63,"column":8},"end":{"line":63,"column":58}},"17":{"start":{"line":66,"column":8},"end":{"line":66,"column":43}},"18":{"start":{"line":68,"column":6},"end":{"line":68,"column":31}},"19":{"start":{"line":69,"column":6},"end":{"line":69,"column":31}},"20":{"start":{"line":71,"column":4},"end":{"line":71,"column":16}},"21":{"start":{"line":74,"column":13},"end":{"line":74,"column":20}},"22":{"start":{"line":75,"column":15},"end":{"line":75,"column":24}},"23":{"start":{"line":76,"column":16},"end":{"line":76,"column":26}},"24":{"start":{"line":77,"column":17},"end":{"line":77,"column":30}},"25":{"start":{"line":78,"column":20},"end":{"line":80,"column":6}},"26":{"start":{"line":79,"column":6},"end":{"line":79,"column":31}},"27":{"start":{"line":82,"column":20},"end":{"line":82,"column":22}},"28":{"start":{"line":83,"column":39},"end":{"line":85,"column":5}},"29":{"start":{"line":86,"column":22},"end":{"line":86,"column":36}},"30":{"start":{"line":88,"column":4},"end":{"line":91,"column":5}},"31":{"start":{"line":89,"column":25},"end":{"line":89,"column":78}},"32":{"start":{"line":90,"column":6},"end":{"line":90,"column":27}},"33":{"start":{"line":92,"column":4},"end":{"line":94,"column":5}},"34":{"start":{"line":93,"column":6},"end":{"line":93,"column":62}},"35":{"start":{"line":95,"column":15},"end":{"line":104,"column":6}},"36":{"start":{"line":106,"column":4},"end":{"line":120,"column":9}},"37":{"start":{"line":115,"column":29},"end":{"line":115,"column":52}},"38":{"start":{"line":119,"column":10},"end":{"line":119,"column":23}},"39":{"start":{"line":121,"column":6},"end":{"line":121,"column":15}},"40":{"start":{"line":124,"column":4},"end":{"line":126,"column":5}},"41":{"start":{"line":125,"column":6},"end":{"line":125,"column":13}},"42":{"start":{"line":127,"column":15},"end":{"line":130,"column":6}},"43":{"start":{"line":131,"column":4},"end":{"line":145,"column":9}},"44":{"start":{"line":140,"column":25},"end":{"line":140,"column":48}},"45":{"start":{"line":142,"column":8},"end":{"line":142,"column":28}},"46":{"start":{"line":144,"column":8},"end":{"line":144,"column":21}},"47":{"start":{"line":149,"column":4},"end":{"line":177,"column":6}},"48":{"start":{"line":151,"column":8},"end":{"line":153,"column":9}},"49":{"start":{"line":152,"column":10},"end":{"line":152,"column":17}},"50":{"start":{"line":154,"column":23},"end":{"line":157,"column":9}},"51":{"start":{"line":158,"column":8},"end":{"line":158,"column":47}},"52":{"start":{"line":160,"column":8},"end":{"line":160,"column":36}},"53":{"start":{"line":161,"column":8},"end":{"line":161,"column":23}},"54":{"start":{"line":162,"column":8},"end":{"line":162,"column":50}},"55":{"start":{"line":165,"column":23},"end":{"line":168,"column":9}},"56":{"start":{"line":169,"column":8},"end":{"line":169,"column":36}},"57":{"start":{"line":170,"column":8},"end":{"line":170,"column":47}},"58":{"start":{"line":171,"column":8},"end":{"line":171,"column":23}},"59":{"start":{"line":172,"column":8},"end":{"line":172,"column":50}},"60":{"start":{"line":182,"column":4},"end":{"line":221,"column":5}},"61":{"start":{"line":183,"column":6},"end":{"line":220,"column":11}},"62":{"start":{"line":191,"column":29},"end":{"line":191,"column":52}},"63":{"start":{"line":193,"column":10},"end":{"line":193,"column":50}},"64":{"start":{"line":194,"column":10},"end":{"line":194,"column":54}},"65":{"start":{"line":195,"column":10},"end":{"line":195,"column":70}},"66":{"start":{"line":197,"column":10},"end":{"line":197,"column":56}},"67":{"start":{"line":198,"column":24},"end":{"line":198,"column":68}},"68":{"start":{"line":199,"column":10},"end":{"line":199,"column":47}},"69":{"start":{"line":200,"column":10},"end":{"line":200,"column":60}},"70":{"start":{"line":202,"column":21},"end":{"line":207,"column":11}},"71":{"start":{"line":208,"column":35},"end":{"line":208,"column":69}},"72":{"start":{"line":209,"column":10},"end":{"line":209,"column":31}},"73":{"start":{"line":210,"column":33},"end":{"line":210,"column":65}},"74":{"start":{"line":211,"column":10},"end":{"line":211,"column":29}},"75":{"start":{"line":212,"column":10},"end":{"line":212,"column":63}},"76":{"start":{"line":214,"column":10},"end":{"line":217,"column":11}},"77":{"start":{"line":215,"column":30},"end":{"line":215,"column":57}},"78":{"start":{"line":216,"column":12},"end":{"line":216,"column":26}},"79":{"start":{"line":219,"column":10},"end":{"line":219,"column":23}},"80":{"start":{"line":222,"column":4},"end":{"line":222,"column":13}},"81":{"start":{"line":225,"column":25},"end":{"line":225,"column":55}},"82":{"start":{"line":226,"column":4},"end":{"line":226,"column":26}},"83":{"start":{"line":227,"column":4},"end":{"line":227,"column":13}},"84":{"start":{"line":231,"column":21},"end":{"line":231,"column":47}},"85":{"start":{"line":232,"column":4},"end":{"line":232,"column":21}},"86":{"start":{"line":233,"column":4},"end":{"line":234,"column":38}},"87":{"start":{"line":237,"column":4},"end":{"line":237,"column":46}},"88":{"start":{"line":240,"column":17},"end":{"line":240,"column":35}},"89":{"start":{"line":241,"column":4},"end":{"line":244,"column":5}},"90":{"start":{"line":242,"column":6},"end":{"line":242,"column":92}},"91":{"start":{"line":243,"column":6},"end":{"line":243,"column":13}},"92":{"start":{"line":245,"column":16},"end":{"line":245,"column":21}},"93":{"start":{"line":246,"column":4},"end":{"line":252,"column":5}},"94":{"start":{"line":247,"column":6},"end":{"line":251,"column":7}},"95":{"start":{"line":248,"column":8},"end":{"line":248,"column":21}},"96":{"start":{"line":249,"column":8},"end":{"line":249,"column":26}},"97":{"start":{"line":250,"column":8},"end":{"line":250,"column":14}},"98":{"start":{"line":253,"column":4},"end":{"line":255,"column":5}},"99":{"start":{"line":254,"column":6},"end":{"line":254,"column":53}},"100":{"start":{"line":256,"column":4},"end":{"line":256,"column":50}},"101":{"start":{"line":257,"column":4},"end":{"line":257,"column":41}},"102":{"start":{"line":258,"column":4},"end":{"line":258,"column":39}},"103":{"start":{"line":262,"column":4},"end":{"line":262,"column":87}},"104":{"start":{"line":263,"column":4},"end":{"line":263,"column":55}},"105":{"start":{"line":264,"column":4},"end":{"line":264,"column":53}},"106":{"start":{"line":267,"column":4},"end":{"line":283,"column":7}},"107":{"start":{"line":271,"column":25},"end":{"line":271,"column":48}},"108":{"start":{"line":273,"column":6},"end":{"line":278,"column":7}},"109":{"start":{"line":274,"column":8},"end":{"line":274,"column":64}},"110":{"start":{"line":277,"column":8},"end":{"line":277,"column":40}},"111":{"start":{"line":281,"column":6},"end":{"line":281,"column":34}},"112":{"start":{"line":282,"column":6},"end":{"line":282,"column":17}},"113":{"start":{"line":286,"column":4},"end":{"line":301,"column":5}},"114":{"start":{"line":287,"column":6},"end":{"line":293,"column":8}},"115":{"start":{"line":295,"column":6},"end":{"line":300,"column":8}},"116":{"start":{"line":305,"column":4},"end":{"line":317,"column":7}},"117":{"start":{"line":327,"column":4},"end":{"line":327,"column":47}}},"fnMap":{"0":{"name":"(anonymous_0)","decl":{"start":{"line":20,"column":2},"end":{"line":20,"column":3}},"loc":{"start":{"line":20,"column":20},"end":{"line":23,"column":3}},"line":20},"1":{"name":"(anonymous_1)","decl":{"start":{"line":30,"column":2},"end":{"line":30,"column":3}},"loc":{"start":{"line":30,"column":22},"end":{"line":42,"column":3}},"line":30},"2":{"name":"(anonymous_2)","decl":{"start":{"line":35,"column":14},"end":{"line":35,"column":15}},"loc":{"start":{"line":35,"column":28},"end":{"line":35,"column":53}},"line":35},"3":{"name":"(anonymous_3)","decl":{"start":{"line":36,"column":14},"end":{"line":36,"column":15}},"loc":{"start":{"line":36,"column":32},"end":{"line":38,"column":9}},"line":36},"4":{"name":"(anonymous_4)","decl":{"start":{"line":38,"column":17},"end":{"line":38,"column":18}},"loc":{"start":{"line":38,"column":28},"end":{"line":41,"column":9}},"line":38},"5":{"name":"(anonymous_5)","decl":{"start":{"line":44,"column":2},"end":{"line":44,"column":3}},"loc":{"start":{"line":44,"column":20},"end":{"line":56,"column":3}},"line":44},"6":{"name":"(anonymous_6)","decl":{"start":{"line":49,"column":14},"end":{"line":49,"column":15}},"loc":{"start":{"line":49,"column":28},"end":{"line":49,"column":53}},"line":49},"7":{"name":"(anonymous_7)","decl":{"start":{"line":50,"column":14},"end":{"line":50,"column":15}},"loc":{"start":{"line":50,"column":32},"end":{"line":52,"column":9}},"line":50},"8":{"name":"(anonymous_8)","decl":{"start":{"line":52,"column":17},"end":{"line":52,"column":18}},"loc":{"start":{"line":52,"column":28},"end":{"line":55,"column":9}},"line":52},"9":{"name":"(anonymous_9)","decl":{"start":{"line":58,"column":2},"end":{"line":58,"column":3}},"loc":{"start":{"line":58,"column":20},"end":{"line":72,"column":3}},"line":58},"10":{"name":"(anonymous_10)","decl":{"start":{"line":73,"column":2},"end":{"line":73,"column":3}},"loc":{"start":{"line":73,"column":27},"end":{"line":122,"column":3}},"line":73},"11":{"name":"(anonymous_11)","decl":{"start":{"line":78,"column":37},"end":{"line":78,"column":38}},"loc":{"start":{"line":78,"column":49},"end":{"line":80,"column":5}},"line":78},"12":{"name":"(anonymous_12)","decl":{"start":{"line":115,"column":14},"end":{"line":115,"column":15}},"loc":{"start":{"line":115,"column":28},"end":{"line":115,"column":53}},"line":115},"13":{"name":"(anonymous_13)","decl":{"start":{"line":116,"column":14},"end":{"line":116,"column":15}},"loc":{"start":{"line":116,"column":32},"end":{"line":118,"column":9}},"line":116},"14":{"name":"(anonymous_14)","decl":{"start":{"line":118,"column":17},"end":{"line":118,"column":18}},"loc":{"start":{"line":118,"column":28},"end":{"line":120,"column":7}},"line":118},"15":{"name":"(anonymous_15)","decl":{"start":{"line":123,"column":2},"end":{"line":123,"column":3}},"loc":{"start":{"line":123,"column":18},"end":{"line":147,"column":3}},"line":123},"16":{"name":"(anonymous_16)","decl":{"start":{"line":140,"column":12},"end":{"line":140,"column":13}},"loc":{"start":{"line":140,"column":24},"end":{"line":140,"column":49}},"line":140},"17":{"name":"(anonymous_17)","decl":{"start":{"line":141,"column":12},"end":{"line":141,"column":13}},"loc":{"start":{"line":141,"column":30},"end":{"line":143,"column":7}},"line":141},"18":{"name":"(anonymous_18)","decl":{"start":{"line":143,"column":15},"end":{"line":143,"column":16}},"loc":{"start":{"line":143,"column":26},"end":{"line":145,"column":7}},"line":143},"19":{"name":"(anonymous_19)","decl":{"start":{"line":148,"column":2},"end":{"line":148,"column":3}},"loc":{"start":{"line":148,"column":28},"end":{"line":178,"column":3}},"line":148},"20":{"name":"(anonymous_20)","decl":{"start":{"line":150,"column":6},"end":{"line":150,"column":7}},"loc":{"start":{"line":150,"column":20},"end":{"line":163,"column":7}},"line":150},"21":{"name":"(anonymous_21)","decl":{"start":{"line":164,"column":6},"end":{"line":164,"column":7}},"loc":{"start":{"line":164,"column":17},"end":{"line":174,"column":7}},"line":164},"22":{"name":"(anonymous_22)","decl":{"start":{"line":180,"column":2},"end":{"line":180,"column":3}},"loc":{"start":{"line":180,"column":31},"end":{"line":223,"column":3}},"line":180},"23":{"name":"(anonymous_23)","decl":{"start":{"line":191,"column":14},"end":{"line":191,"column":15}},"loc":{"start":{"line":191,"column":28},"end":{"line":191,"column":53}},"line":191},"24":{"name":"(anonymous_24)","decl":{"start":{"line":192,"column":14},"end":{"line":192,"column":15}},"loc":{"start":{"line":192,"column":32},"end":{"line":218,"column":9}},"line":192},"25":{"name":"(anonymous_25)","decl":{"start":{"line":218,"column":17},"end":{"line":218,"column":18}},"loc":{"start":{"line":218,"column":28},"end":{"line":220,"column":9}},"line":218},"26":{"name":"(anonymous_26)","decl":{"start":{"line":224,"column":2},"end":{"line":224,"column":3}},"loc":{"start":{"line":224,"column":25},"end":{"line":228,"column":3}},"line":224},"27":{"name":"(anonymous_27)","decl":{"start":{"line":229,"column":2},"end":{"line":229,"column":3}},"loc":{"start":{"line":229,"column":17},"end":{"line":235,"column":3}},"line":229},"28":{"name":"(anonymous_28)","decl":{"start":{"line":236,"column":2},"end":{"line":236,"column":3}},"loc":{"start":{"line":236,"column":16},"end":{"line":238,"column":3}},"line":236},"29":{"name":"(anonymous_29)","decl":{"start":{"line":239,"column":23},"end":{"line":239,"column":24}},"loc":{"start":{"line":239,"column":33},"end":{"line":259,"column":3}},"line":239},"30":{"name":"(anonymous_30)","decl":{"start":{"line":260,"column":2},"end":{"line":260,"column":3}},"loc":{"start":{"line":260,"column":21},"end":{"line":265,"column":3}},"line":260},"31":{"name":"(anonymous_31)","decl":{"start":{"line":266,"column":2},"end":{"line":266,"column":3}},"loc":{"start":{"line":266,"column":15},"end":{"line":284,"column":3}},"line":266},"32":{"name":"(anonymous_32)","decl":{"start":{"line":271,"column":10},"end":{"line":271,"column":11}},"loc":{"start":{"line":271,"column":24},"end":{"line":271,"column":49}},"line":271},"33":{"name":"(anonymous_33)","decl":{"start":{"line":272,"column":10},"end":{"line":272,"column":11}},"loc":{"start":{"line":272,"column":28},"end":{"line":279,"column":5}},"line":272},"34":{"name":"(anonymous_34)","decl":{"start":{"line":280,"column":11},"end":{"line":280,"column":12}},"loc":{"start":{"line":280,"column":19},"end":{"line":283,"column":5}},"line":280},"35":{"name":"(anonymous_35)","decl":{"start":{"line":285,"column":2},"end":{"line":285,"column":3}},"loc":{"start":{"line":285,"column":11},"end":{"line":302,"column":3}},"line":285},"36":{"name":"(anonymous_36)","decl":{"start":{"line":304,"column":24},"end":{"line":304,"column":25}},"loc":{"start":{"line":304,"column":36},"end":{"line":318,"column":3}},"line":304},"37":{"name":"(anonymous_37)","decl":{"start":{"line":320,"column":24},"end":{"line":320,"column":25}},"loc":{"start":{"line":320,"column":35},"end":{"line":324,"column":3}},"line":320},"38":{"name":"(anonymous_38)","decl":{"start":{"line":326,"column":25},"end":{"line":326,"column":26}},"loc":{"start":{"line":326,"column":31},"end":{"line":328,"column":3}},"line":326}},"branchMap":{"0":{"loc":{"start":{"line":62,"column":6},"end":{"line":67,"column":7}},"type":"if","locations":[{"start":{"line":62,"column":6},"end":{"line":67,"column":7}},{"start":{"line":62,"column":6},"end":{"line":67,"column":7}}],"line":62},"1":{"loc":{"start":{"line":88,"column":4},"end":{"line":91,"column":5}},"type":"if","locations":[{"start":{"line":88,"column":4},"end":{"line":91,"column":5}},{"start":{"line":88,"column":4},"end":{"line":91,"column":5}}],"line":88},"2":{"loc":{"start":{"line":92,"column":4},"end":{"line":94,"column":5}},"type":"if","locations":[{"start":{"line":92,"column":4},"end":{"line":94,"column":5}},{"start":{"line":92,"column":4},"end":{"line":94,"column":5}}],"line":92},"3":{"loc":{"start":{"line":124,"column":4},"end":{"line":126,"column":5}},"type":"if","locations":[{"start":{"line":124,"column":4},"end":{"line":126,"column":5}},{"start":{"line":124,"column":4},"end":{"line":126,"column":5}}],"line":124},"4":{"loc":{"start":{"line":124,"column":7},"end":{"line":124,"column":88}},"type":"binary-expr","locations":[{"start":{"line":124,"column":7},"end":{"line":124,"column":26}},{"start":{"line":124,"column":30},"end":{"line":124,"column":55}},{"start":{"line":124,"column":59},"end":{"line":124,"column":88}}],"line":124},"5":{"loc":{"start":{"line":151,"column":8},"end":{"line":153,"column":9}},"type":"if","locations":[{"start":{"line":151,"column":8},"end":{"line":153,"column":9}},{"start":{"line":151,"column":8},"end":{"line":153,"column":9}}],"line":151},"6":{"loc":{"start":{"line":180,"column":17},"end":{"line":180,"column":30}},"type":"default-arg","locations":[{"start":{"line":180,"column":25},"end":{"line":180,"column":30}}],"line":180},"7":{"loc":{"start":{"line":182,"column":4},"end":{"line":221,"column":5}},"type":"if","locations":[{"start":{"line":182,"column":4},"end":{"line":221,"column":5}},{"start":{"line":182,"column":4},"end":{"line":221,"column":5}}],"line":182},"8":{"loc":{"start":{"line":214,"column":10},"end":{"line":217,"column":11}},"type":"if","locations":[{"start":{"line":214,"column":10},"end":{"line":217,"column":11}},{"start":{"line":214,"column":10},"end":{"line":217,"column":11}}],"line":214},"9":{"loc":{"start":{"line":224,"column":13},"end":{"line":224,"column":24}},"type":"default-arg","locations":[{"start":{"line":224,"column":19},"end":{"line":224,"column":24}}],"line":224},"10":{"loc":{"start":{"line":241,"column":4},"end":{"line":244,"column":5}},"type":"if","locations":[{"start":{"line":241,"column":4},"end":{"line":244,"column":5}},{"start":{"line":241,"column":4},"end":{"line":244,"column":5}}],"line":241},"11":{"loc":{"start":{"line":242,"column":36},"end":{"line":242,"column":75}},"type":"cond-expr","locations":[{"start":{"line":242,"column":52},"end":{"line":242,"column":62}},{"start":{"line":242,"column":65},"end":{"line":242,"column":75}}],"line":242},"12":{"loc":{"start":{"line":247,"column":6},"end":{"line":251,"column":7}},"type":"if","locations":[{"start":{"line":247,"column":6},"end":{"line":251,"column":7}},{"start":{"line":247,"column":6},"end":{"line":251,"column":7}}],"line":247},"13":{"loc":{"start":{"line":253,"column":4},"end":{"line":255,"column":5}},"type":"if","locations":[{"start":{"line":253,"column":4},"end":{"line":255,"column":5}},{"start":{"line":253,"column":4},"end":{"line":255,"column":5}}],"line":253},"14":{"loc":{"start":{"line":286,"column":4},"end":{"line":301,"column":5}},"type":"if","locations":[{"start":{"line":286,"column":4},"end":{"line":301,"column":5}},{"start":{"line":286,"column":4},"end":{"line":301,"column":5}}],"line":286},"15":{"loc":{"start":{"line":286,"column":8},"end":{"line":286,"column":70}},"type":"binary-expr","locations":[{"start":{"line":286,"column":8},"end":{"line":286,"column":37}},{"start":{"line":286,"column":41},"end":{"line":286,"column":70}}],"line":286},"16":{"loc":{"start":{"line":297,"column":11},"end":{"line":297,"column":68}},"type":"binary-expr","locations":[{"start":{"line":297,"column":11},"end":{"line":297,"column":32}},{"start":{"line":297,"column":36},"end":{"line":297,"column":68}}],"line":297}},"s":{"0":1,"1":1,"2":0,"3":0,"4":0,"5":0,"6":0,"7":0,"8":0,"9":0,"10":0,"11":0,"12":0,"13":0,"14":0,"15":0,"16":0,"17":0,"18":0,"19":0,"20":0,"21":0,"22":0,"23":0,"24":0,"25":0,"26":0,"27":0,"28":0,"29":0,"30":0,"31":0,"32":0,"33":0,"34":0,"35":0,"36":0,"37":0,"38":0,"39":0,"40":0,"41":0,"42":0,"43":0,"44":0,"45":0,"46":0,"47":0,"48":0,"49":0,"50":0,"51":0,"52":0,"53":0,"54":0,"55":0,"56":0,"57":0,"58":0,"59":0,"60":0,"61":0,"62":0,"63":0,"64":0,"65":0,"66":0,"67":0,"68":0,"69":0,"70":0,"71":0,"72":0,"73":0,"74":0,"75":0,"76":0,"77":0,"78":0,"79":0,"80":0,"81":0,"82":0,"83":0,"84":0,"85":0,"86":0,"87":0,"88":0,"89":0,"90":0,"91":0,"92":0,"93":0,"94":0,"95":0,"96":0,"97":0,"98":0,"99":0,"100":0,"101":0,"102":0,"103":0,"104":0,"105":0,"106":0,"107":0,"108":0,"109":0,"110":0,"111":0,"112":0,"113":0,"114":0,"115":0,"116":0,"117":0},"f":{"0":0,"1":0,"2":0,"3":0,"4":0,"5":0,"6":0,"7":0,"8":0,"9":0,"10":0,"11":0,"12":0,"13":0,"14":0,"15":0,"16":0,"17":0,"18":0,"19":0,"20":0,"21":0,"22":0,"23":0,"24":0,"25":0,"26":0,"27":0,"28":0,"29":0,"30":0,"31":0,"32":0,"33":0,"34":0,"35":0,"36":0,"37":0,"38":0},"b":{"0":[0,0],"1":[0,0],"2":[0,0],"3":[0,0],"4":[0,0,0],"5":[0,0],"6":[0],"7":[0,0],"8":[0,0],"9":[0],"10":[0,0],"11":[0,0],"12":[0,0],"13":[0,0],"14":[0,0],"15":[0,0],"16":[0,0]},"_coverageSchema":"332fd63041d2c1bcb487cc26dd0d5f7d97098a6c","hash":"fde91e883a6e5db948f74bcfec50c98d3aba05f7"}
,"C:\\Users\\Matthew\\CPEN321_Hacking_Company\\NeverEatAlone\\fb.jpg": {"path":"C:\\Users\\Matthew\\CPEN321_Hacking_Company\\NeverEatAlone\\fb.jpg","statementMap":{"0":{"start":{"line":1,"column":0},"end":{"line":1,"column":19}}},"fnMap":{},"branchMap":{},"s":{"0":1},"f":{},"b":{},"_coverageSchema":"332fd63041d2c1bcb487cc26dd0d5f7d97098a6c","hash":"077a5f897370efe4d6fd3cc7e52a6c66fa799b4f"}
,"C:\\Users\\Matthew\\CPEN321_Hacking_Company\\NeverEatAlone\\logo.png": {"path":"C:\\Users\\Matthew\\CPEN321_Hacking_Company\\NeverEatAlone\\logo.png","statementMap":{"0":{"start":{"line":1,"column":0},"end":{"line":1,"column":19}}},"fnMap":{},"branchMap":{},"s":{"0":1},"f":{},"b":{},"_coverageSchema":"332fd63041d2c1bcb487cc26dd0d5f7d97098a6c","hash":"cc8f44ca3d66bee01296592cfb89871740f7b0c8"}
,"C:\\Users\\Matthew\\CPEN321_Hacking_Company\\NeverEatAlone\\components\\TabBarIcon.js": {"path":"C:\\Users\\Matthew\\CPEN321_Hacking_Company\\NeverEatAlone\\components\\TabBarIcon.js","statementMap":{"0":{"start":{"line":8,"column":4},"end":{"line":15,"column":6}}},"fnMap":{"0":{"name":"(anonymous_0)","decl":{"start":{"line":7,"column":2},"end":{"line":7,"column":3}},"loc":{"start":{"line":7,"column":11},"end":{"line":16,"column":3}},"line":7}},"branchMap":{"0":{"loc":{"start":{"line":13,"column":15},"end":{"line":13,"column":82}},"type":"cond-expr","locations":[{"start":{"line":13,"column":36},"end":{"line":13,"column":58}},{"start":{"line":13,"column":61},"end":{"line":13,"column":82}}],"line":13}},"s":{"0":0},"f":{"0":0},"b":{"0":[0,0]},"_coverageSchema":"332fd63041d2c1bcb487cc26dd0d5f7d97098a6c","hash":"4ec2bdecfb3a89d2a55cdd31a5eb05ba200acf20"}
,"C:\\Users\\Matthew\\CPEN321_Hacking_Company\\NeverEatAlone\\constants\\Colors.js": {"path":"C:\\Users\\Matthew\\CPEN321_Hacking_Company\\NeverEatAlone\\constants\\Colors.js","statementMap":{"0":{"start":{"line":1,"column":18},"end":{"line":1,"column":27}}},"fnMap":{},"branchMap":{},"s":{"0":1},"f":{},"b":{},"_coverageSchema":"332fd63041d2c1bcb487cc26dd0d5f7d97098a6c","hash":"7f50c3b6f0f4a255de5993418108778481a61720"}
,"C:\\Users\\Matthew\\CPEN321_Hacking_Company\\NeverEatAlone\\navigation\\AppNavigator.js": {"path":"C:\\Users\\Matthew\\CPEN321_Hacking_Company\\NeverEatAlone\\navigation\\AppNavigator.js","statementMap":{},"fnMap":{},"branchMap":{},"s":{},"f":{},"b":{},"_coverageSchema":"332fd63041d2c1bcb487cc26dd0d5f7d97098a6c","hash":"ef2fffd924882b01fa3a9e2e66127db604d28e9e"}
,"C:\\Users\\Matthew\\CPEN321_Hacking_Company\\NeverEatAlone\\navigation\\MainTabNavigator.js": {"path":"C:\\Users\\Matthew\\CPEN321_Hacking_Company\\NeverEatAlone\\navigation\\MainTabNavigator.js","statementMap":{"0":{"start":{"line":12,"column":21},"end":{"line":14,"column":2}},"1":{"start":{"line":16,"column":0},"end":{"line":28,"column":2}},"2":{"start":{"line":19,"column":4},"end":{"line":26,"column":6}},"3":{"start":{"line":30,"column":17},"end":{"line":32,"column":2}},"4":{"start":{"line":34,"column":0},"end":{"line":47,"column":2}},"5":{"start":{"line":37,"column":4},"end":{"line":45,"column":6}},"6":{"start":{"line":49,"column":21},"end":{"line":51,"column":2}},"7":{"start":{"line":53,"column":0},"end":{"line":64,"column":2}},"8":{"start":{"line":56,"column":4},"end":{"line":62,"column":6}},"9":{"start":{"line":67,"column":22},"end":{"line":69,"column":2}},"10":{"start":{"line":71,"column":0},"end":{"line":82,"column":2}},"11":{"start":{"line":74,"column":4},"end":{"line":80,"column":6}},"12":{"start":{"line":86,"column":15},"end":{"line":92,"column":2}}},"fnMap":{"0":{"name":"(anonymous_0)","decl":{"start":{"line":18,"column":14},"end":{"line":18,"column":15}},"loc":{"start":{"line":19,"column":4},"end":{"line":26,"column":6}},"line":19},"1":{"name":"(anonymous_1)","decl":{"start":{"line":36,"column":14},"end":{"line":36,"column":15}},"loc":{"start":{"line":37,"column":4},"end":{"line":45,"column":6}},"line":37},"2":{"name":"(anonymous_2)","decl":{"start":{"line":55,"column":14},"end":{"line":55,"column":15}},"loc":{"start":{"line":56,"column":4},"end":{"line":62,"column":6}},"line":56},"3":{"name":"(anonymous_3)","decl":{"start":{"line":73,"column":14},"end":{"line":73,"column":15}},"loc":{"start":{"line":74,"column":4},"end":{"line":80,"column":6}},"line":74}},"branchMap":{"0":{"loc":{"start":{"line":22,"column":12},"end":{"line":24,"column":19}},"type":"cond-expr","locations":[{"start":{"line":23,"column":8},"end":{"line":23,"column":20}},{"start":{"line":24,"column":8},"end":{"line":24,"column":19}}],"line":22},"1":{"loc":{"start":{"line":41,"column":8},"end":{"line":43,"column":25}},"type":"cond-expr","locations":[{"start":{"line":42,"column":12},"end":{"line":42,"column":26}},{"start":{"line":43,"column":12},"end":{"line":43,"column":25}}],"line":41},"2":{"loc":{"start":{"line":59,"column":12},"end":{"line":61,"column":26}},"type":"cond-expr","locations":[{"start":{"line":60,"column":8},"end":{"line":60,"column":27}},{"start":{"line":61,"column":8},"end":{"line":61,"column":26}}],"line":59},"3":{"loc":{"start":{"line":77,"column":12},"end":{"line":79,"column":21}},"type":"cond-expr","locations":[{"start":{"line":78,"column":8},"end":{"line":78,"column":22}},{"start":{"line":79,"column":8},"end":{"line":79,"column":21}}],"line":77}},"s":{"0":1,"1":1,"2":0,"3":1,"4":1,"5":0,"6":1,"7":1,"8":0,"9":1,"10":1,"11":0,"12":1},"f":{"0":0,"1":0,"2":0,"3":0},"b":{"0":[0,0],"1":[0,0],"2":[0,0],"3":[0,0]},"_coverageSchema":"332fd63041d2c1bcb487cc26dd0d5f7d97098a6c","hash":"1505882572ac94ce372fc14f0089168d1e7ee08b"}
,"C:\\Users\\Matthew\\CPEN321_Hacking_Company\\NeverEatAlone\\screens\\CalTab.js": {"path":"C:\\Users\\Matthew\\CPEN321_Hacking_Company\\NeverEatAlone\\screens\\CalTab.js","statementMap":{"0":{"start":{"line":16,"column":15},"end":{"line":145,"column":2}},"1":{"start":{"line":149,"column":4},"end":{"line":149,"column":17}},"2":{"start":{"line":150,"column":14},"end":{"line":150,"column":24}},"3":{"start":{"line":151,"column":4},"end":{"line":151,"column":73}},"4":{"start":{"line":153,"column":4},"end":{"line":164,"column":6}},"5":{"start":{"line":165,"column":4},"end":{"line":167,"column":5}},"6":{"start":{"line":166,"column":6},"end":{"line":166,"column":51}},"7":{"start":{"line":169,"column":16},"end":{"line":172,"column":6}},"8":{"start":{"line":173,"column":4},"end":{"line":176,"column":6}},"9":{"start":{"line":177,"column":4},"end":{"line":184,"column":5}},"10":{"start":{"line":178,"column":6},"end":{"line":180,"column":8}},"11":{"start":{"line":181,"column":6},"end":{"line":183,"column":23}},"12":{"start":{"line":185,"column":4},"end":{"line":191,"column":7}},"13":{"start":{"line":186,"column":6},"end":{"line":190,"column":8}},"14":{"start":{"line":195,"column":4},"end":{"line":213,"column":5}},"15":{"start":{"line":196,"column":21},"end":{"line":201,"column":8}},"16":{"start":{"line":203,"column":6},"end":{"line":210,"column":7}},"17":{"start":{"line":204,"column":8},"end":{"line":207,"column":9}},"18":{"start":{"line":209,"column":8},"end":{"line":209,"column":33}},"19":{"start":{"line":212,"column":6},"end":{"line":212,"column":27}},"20":{"start":{"line":219,"column":4},"end":{"line":225,"column":5}},"21":{"start":{"line":220,"column":19},"end":{"line":220,"column":67}},"22":{"start":{"line":221,"column":6},"end":{"line":223,"column":7}},"23":{"start":{"line":222,"column":8},"end":{"line":222,"column":15}},"24":{"start":{"line":224,"column":6},"end":{"line":224,"column":55}},"25":{"start":{"line":226,"column":4},"end":{"line":226,"column":40}},"26":{"start":{"line":227,"column":4},"end":{"line":229,"column":5}},"27":{"start":{"line":228,"column":6},"end":{"line":228,"column":13}},"28":{"start":{"line":231,"column":4},"end":{"line":262,"column":7}},"29":{"start":{"line":232,"column":25},"end":{"line":232,"column":48}},"30":{"start":{"line":234,"column":18},"end":{"line":234,"column":36}},"31":{"start":{"line":235,"column":22},"end":{"line":235,"column":39}},"32":{"start":{"line":236,"column":16},"end":{"line":236,"column":26}},"33":{"start":{"line":237,"column":20},"end":{"line":237,"column":59}},"34":{"start":{"line":238,"column":20},"end":{"line":238,"column":59}},"35":{"start":{"line":239,"column":16},"end":{"line":239,"column":120}},"36":{"start":{"line":240,"column":6},"end":{"line":261,"column":11}},"37":{"start":{"line":249,"column":29},"end":{"line":249,"column":52}},"38":{"start":{"line":251,"column":27},"end":{"line":251,"column":53}},"39":{"start":{"line":252,"column":10},"end":{"line":256,"column":13}},"40":{"start":{"line":253,"column":27},"end":{"line":253,"column":40}},"41":{"start":{"line":254,"column":12},"end":{"line":254,"column":36}},"42":{"start":{"line":255,"column":12},"end":{"line":255,"column":30}},"43":{"start":{"line":257,"column":10},"end":{"line":257,"column":62}},"44":{"start":{"line":257,"column":27},"end":{"line":257,"column":57}},"45":{"start":{"line":259,"column":10},"end":{"line":259,"column":23}},"46":{"start":{"line":260,"column":10},"end":{"line":260,"column":23}},"47":{"start":{"line":267,"column":4},"end":{"line":291,"column":7}},"48":{"start":{"line":268,"column":18},"end":{"line":268,"column":48}},"49":{"start":{"line":269,"column":16},"end":{"line":269,"column":44}},"50":{"start":{"line":271,"column":21},"end":{"line":277,"column":7}},"51":{"start":{"line":278,"column":21},"end":{"line":278,"column":45}},"52":{"start":{"line":279,"column":6},"end":{"line":290,"column":7}},"53":{"start":{"line":280,"column":8},"end":{"line":286,"column":9}},"54":{"start":{"line":282,"column":10},"end":{"line":285,"column":11}},"55":{"start":{"line":283,"column":12},"end":{"line":283,"column":60}},"56":{"start":{"line":284,"column":12},"end":{"line":284,"column":45}},"57":{"start":{"line":289,"column":8},"end":{"line":289,"column":53}},"58":{"start":{"line":292,"column":23},"end":{"line":292,"column":51}},"59":{"start":{"line":293,"column":4},"end":{"line":293,"column":45}},"60":{"start":{"line":295,"column":4},"end":{"line":299,"column":7}},"61":{"start":{"line":296,"column":21},"end":{"line":296,"column":34}},"62":{"start":{"line":297,"column":6},"end":{"line":297,"column":31}},"63":{"start":{"line":298,"column":6},"end":{"line":298,"column":24}},"64":{"start":{"line":306,"column":4},"end":{"line":306,"column":36}},"65":{"start":{"line":307,"column":4},"end":{"line":341,"column":7}},"66":{"start":{"line":308,"column":18},"end":{"line":308,"column":23}},"67":{"start":{"line":309,"column":21},"end":{"line":309,"column":34}},"68":{"start":{"line":310,"column":25},"end":{"line":310,"column":70}},"69":{"start":{"line":311,"column":6},"end":{"line":328,"column":7}},"70":{"start":{"line":312,"column":24},"end":{"line":312,"column":53}},"71":{"start":{"line":313,"column":8},"end":{"line":327,"column":9}},"72":{"start":{"line":314,"column":10},"end":{"line":314,"column":23}},"73":{"start":{"line":315,"column":10},"end":{"line":325,"column":11}},"74":{"start":{"line":316,"column":12},"end":{"line":320,"column":13}},"75":{"start":{"line":317,"column":14},"end":{"line":319,"column":15}},"76":{"start":{"line":318,"column":16},"end":{"line":318,"column":67}},"77":{"start":{"line":323,"column":12},"end":{"line":323,"column":54}},"78":{"start":{"line":324,"column":12},"end":{"line":324,"column":64}},"79":{"start":{"line":326,"column":10},"end":{"line":326,"column":16}},"80":{"start":{"line":329,"column":6},"end":{"line":335,"column":7}},"81":{"start":{"line":330,"column":8},"end":{"line":330,"column":28}},"82":{"start":{"line":331,"column":8},"end":{"line":334,"column":11}},"83":{"start":{"line":336,"column":6},"end":{"line":336,"column":26}},"84":{"start":{"line":337,"column":6},"end":{"line":339,"column":7}},"85":{"start":{"line":338,"column":8},"end":{"line":338,"column":58}},"86":{"start":{"line":340,"column":6},"end":{"line":340,"column":24}},"87":{"start":{"line":346,"column":4},"end":{"line":366,"column":7}},"88":{"start":{"line":347,"column":18},"end":{"line":347,"column":41}},"89":{"start":{"line":348,"column":25},"end":{"line":348,"column":46}},"90":{"start":{"line":349,"column":6},"end":{"line":349,"column":76}},"91":{"start":{"line":350,"column":21},"end":{"line":350,"column":34}},"92":{"start":{"line":351,"column":6},"end":{"line":363,"column":7}},"93":{"start":{"line":352,"column":24},"end":{"line":352,"column":53}},"94":{"start":{"line":353,"column":8},"end":{"line":362,"column":9}},"95":{"start":{"line":354,"column":10},"end":{"line":360,"column":11}},"96":{"start":{"line":355,"column":12},"end":{"line":359,"column":13}},"97":{"start":{"line":357,"column":14},"end":{"line":357,"column":63}},"98":{"start":{"line":358,"column":14},"end":{"line":358,"column":20}},"99":{"start":{"line":361,"column":10},"end":{"line":361,"column":16}},"100":{"start":{"line":364,"column":6},"end":{"line":364,"column":26}},"101":{"start":{"line":365,"column":6},"end":{"line":365,"column":23}},"102":{"start":{"line":367,"column":23},"end":{"line":367,"column":51}},"103":{"start":{"line":368,"column":4},"end":{"line":368,"column":19}},"104":{"start":{"line":373,"column":4},"end":{"line":391,"column":7}},"105":{"start":{"line":374,"column":21},"end":{"line":374,"column":34}},"106":{"start":{"line":375,"column":6},"end":{"line":375,"column":26}},"107":{"start":{"line":376,"column":16},"end":{"line":376,"column":26}},"108":{"start":{"line":377,"column":18},"end":{"line":377,"column":40}},"109":{"start":{"line":378,"column":18},"end":{"line":378,"column":40}},"110":{"start":{"line":379,"column":6},"end":{"line":379,"column":26}},"111":{"start":{"line":380,"column":6},"end":{"line":380,"column":26}},"112":{"start":{"line":381,"column":6},"end":{"line":381,"column":37}},"113":{"start":{"line":382,"column":6},"end":{"line":382,"column":37}},"114":{"start":{"line":383,"column":6},"end":{"line":383,"column":41}},"115":{"start":{"line":384,"column":6},"end":{"line":384,"column":33}},"116":{"start":{"line":385,"column":6},"end":{"line":389,"column":8}},"117":{"start":{"line":390,"column":6},"end":{"line":390,"column":24}},"118":{"start":{"line":395,"column":4},"end":{"line":406,"column":7}},"119":{"start":{"line":396,"column":21},"end":{"line":396,"column":34}},"120":{"start":{"line":397,"column":6},"end":{"line":402,"column":8}},"121":{"start":{"line":403,"column":6},"end":{"line":403,"column":26}},"122":{"start":{"line":404,"column":6},"end":{"line":404,"column":34}},"123":{"start":{"line":405,"column":6},"end":{"line":405,"column":24}},"124":{"start":{"line":411,"column":12},"end":{"line":411,"column":27}},"125":{"start":{"line":412,"column":12},"end":{"line":412,"column":29}},"126":{"start":{"line":413,"column":4},"end":{"line":413,"column":20}},"127":{"start":{"line":418,"column":19},"end":{"line":418,"column":69}},"128":{"start":{"line":419,"column":17},"end":{"line":419,"column":65}},"129":{"start":{"line":420,"column":4},"end":{"line":423,"column":5}},"130":{"start":{"line":421,"column":6},"end":{"line":421,"column":43}},"131":{"start":{"line":422,"column":6},"end":{"line":422,"column":13}},"132":{"start":{"line":424,"column":19},"end":{"line":431,"column":5}},"133":{"start":{"line":432,"column":19},"end":{"line":432,"column":43}},"134":{"start":{"line":433,"column":4},"end":{"line":433,"column":57}},"135":{"start":{"line":441,"column":4},"end":{"line":441,"column":30}},"136":{"start":{"line":446,"column":4},"end":{"line":450,"column":7}},"137":{"start":{"line":447,"column":21},"end":{"line":447,"column":34}},"138":{"start":{"line":448,"column":6},"end":{"line":448,"column":41}},"139":{"start":{"line":449,"column":6},"end":{"line":449,"column":24}},"140":{"start":{"line":451,"column":4},"end":{"line":451,"column":30}},"141":{"start":{"line":456,"column":4},"end":{"line":460,"column":7}},"142":{"start":{"line":457,"column":21},"end":{"line":457,"column":34}},"143":{"start":{"line":458,"column":6},"end":{"line":458,"column":39}},"144":{"start":{"line":459,"column":6},"end":{"line":459,"column":24}},"145":{"start":{"line":461,"column":4},"end":{"line":461,"column":30}},"146":{"start":{"line":466,"column":4},"end":{"line":470,"column":7}},"147":{"start":{"line":467,"column":21},"end":{"line":467,"column":34}},"148":{"start":{"line":468,"column":6},"end":{"line":468,"column":26}},"149":{"start":{"line":469,"column":6},"end":{"line":469,"column":24}},"150":{"start":{"line":474,"column":15},"end":{"line":477,"column":5}},"151":{"start":{"line":479,"column":4},"end":{"line":493,"column":9}},"152":{"start":{"line":488,"column":25},"end":{"line":488,"column":48}},"153":{"start":{"line":492,"column":8},"end":{"line":492,"column":21}},"154":{"start":{"line":498,"column":4},"end":{"line":500,"column":6}},"155":{"start":{"line":504,"column":4},"end":{"line":506,"column":6}},"156":{"start":{"line":511,"column":12},"end":{"line":511,"column":41}},"157":{"start":{"line":512,"column":12},"end":{"line":512,"column":44}},"158":{"start":{"line":513,"column":12},"end":{"line":513,"column":37}},"159":{"start":{"line":514,"column":4},"end":{"line":514,"column":38}},"160":{"start":{"line":515,"column":4},"end":{"line":515,"column":38}},"161":{"start":{"line":516,"column":13},"end":{"line":516,"column":29}},"162":{"start":{"line":517,"column":4},"end":{"line":517,"column":14}},"163":{"start":{"line":522,"column":4},"end":{"line":524,"column":5}},"164":{"start":{"line":523,"column":6},"end":{"line":523,"column":28}},"165":{"start":{"line":525,"column":12},"end":{"line":525,"column":27}},"166":{"start":{"line":526,"column":12},"end":{"line":526,"column":29}},"167":{"start":{"line":527,"column":4},"end":{"line":529,"column":5}},"168":{"start":{"line":528,"column":6},"end":{"line":528,"column":18}},"169":{"start":{"line":530,"column":15},"end":{"line":530,"column":35}},"170":{"start":{"line":531,"column":4},"end":{"line":531,"column":12}},"171":{"start":{"line":532,"column":4},"end":{"line":534,"column":5}},"172":{"start":{"line":533,"column":6},"end":{"line":533,"column":13}},"173":{"start":{"line":535,"column":4},"end":{"line":535,"column":31}},"174":{"start":{"line":539,"column":17},"end":{"line":539,"column":21}},"175":{"start":{"line":540,"column":21},"end":{"line":540,"column":77}},"176":{"start":{"line":541,"column":20},"end":{"line":541,"column":45}},"177":{"start":{"line":542,"column":4},"end":{"line":557,"column":5}},"178":{"start":{"line":543,"column":17},"end":{"line":543,"column":46}},"179":{"start":{"line":546,"column":6},"end":{"line":556,"column":7}},"180":{"start":{"line":547,"column":8},"end":{"line":555,"column":11}},"181":{"start":{"line":548,"column":10},"end":{"line":554,"column":19}},"182":{"start":{"line":551,"column":60},"end":{"line":551,"column":76}},"183":{"start":{"line":558,"column":26},"end":{"line":558,"column":64}},"184":{"start":{"line":559,"column":14},"end":{"line":559,"column":24}},"185":{"start":{"line":561,"column":20},"end":{"line":561,"column":65}},"186":{"start":{"line":562,"column":4},"end":{"line":567,"column":5}},"187":{"start":{"line":563,"column":6},"end":{"line":563,"column":69}},"188":{"start":{"line":566,"column":6},"end":{"line":566,"column":23}},"189":{"start":{"line":568,"column":4},"end":{"line":570,"column":5}},"190":{"start":{"line":569,"column":6},"end":{"line":569,"column":23}},"191":{"start":{"line":571,"column":4},"end":{"line":579,"column":6}},"192":{"start":{"line":583,"column":4},"end":{"line":587,"column":7}},"193":{"start":{"line":584,"column":21},"end":{"line":584,"column":34}},"194":{"start":{"line":585,"column":6},"end":{"line":585,"column":42}},"195":{"start":{"line":586,"column":6},"end":{"line":586,"column":24}},"196":{"start":{"line":591,"column":4},"end":{"line":595,"column":7}},"197":{"start":{"line":592,"column":21},"end":{"line":592,"column":34}},"198":{"start":{"line":593,"column":6},"end":{"line":593,"column":42}},"199":{"start":{"line":594,"column":6},"end":{"line":594,"column":24}},"200":{"start":{"line":599,"column":4},"end":{"line":603,"column":7}},"201":{"start":{"line":600,"column":21},"end":{"line":600,"column":34}},"202":{"start":{"line":601,"column":6},"end":{"line":601,"column":43}},"203":{"start":{"line":602,"column":6},"end":{"line":602,"column":24}},"204":{"start":{"line":607,"column":17},"end":{"line":607,"column":41}},"205":{"start":{"line":608,"column":4},"end":{"line":608,"column":76}},"206":{"start":{"line":609,"column":4},"end":{"line":613,"column":7}},"207":{"start":{"line":610,"column":21},"end":{"line":610,"column":34}},"208":{"start":{"line":611,"column":6},"end":{"line":611,"column":28}},"209":{"start":{"line":612,"column":6},"end":{"line":612,"column":24}},"210":{"start":{"line":617,"column":4},"end":{"line":622,"column":5}},"211":{"start":{"line":618,"column":6},"end":{"line":618,"column":14}},"212":{"start":{"line":621,"column":6},"end":{"line":621,"column":21}},"213":{"start":{"line":629,"column":4},"end":{"line":735,"column":5}},"214":{"start":{"line":630,"column":4},"end":{"line":670,"column":13}},"215":{"start":{"line":666,"column":28},"end":{"line":666,"column":48}},"216":{"start":{"line":672,"column":9},"end":{"line":735,"column":5}},"217":{"start":{"line":673,"column":6},"end":{"line":734,"column":15}},"218":{"start":{"line":690,"column":14},"end":{"line":692,"column":15}},"219":{"start":{"line":691,"column":16},"end":{"line":691,"column":35}},"220":{"start":{"line":694,"column":36},"end":{"line":694,"column":58}},"221":{"start":{"line":697,"column":97},"end":{"line":697,"column":119}},"222":{"start":{"line":697,"column":119},"end":{"line":697,"column":135}},"223":{"start":{"line":710,"column":95},"end":{"line":710,"column":117}},"224":{"start":{"line":710,"column":118},"end":{"line":710,"column":134}}},"fnMap":{"0":{"name":"(anonymous_0)","decl":{"start":{"line":148,"column":2},"end":{"line":148,"column":3}},"loc":{"start":{"line":148,"column":20},"end":{"line":193,"column":3}},"line":148},"1":{"name":"(anonymous_1)","decl":{"start":{"line":185,"column":33},"end":{"line":185,"column":34}},"loc":{"start":{"line":185,"column":47},"end":{"line":191,"column":5}},"line":185},"2":{"name":"(anonymous_2)","decl":{"start":{"line":194,"column":2},"end":{"line":194,"column":3}},"loc":{"start":{"line":194,"column":40},"end":{"line":214,"column":3}},"line":194},"3":{"name":"(anonymous_3)","decl":{"start":{"line":217,"column":2},"end":{"line":217,"column":3}},"loc":{"start":{"line":217,"column":22},"end":{"line":263,"column":3}},"line":217},"4":{"name":"(anonymous_4)","decl":{"start":{"line":232,"column":10},"end":{"line":232,"column":11}},"loc":{"start":{"line":232,"column":24},"end":{"line":232,"column":49}},"line":232},"5":{"name":"(anonymous_5)","decl":{"start":{"line":233,"column":10},"end":{"line":233,"column":11}},"loc":{"start":{"line":233,"column":28},"end":{"line":262,"column":5}},"line":233},"6":{"name":"(anonymous_6)","decl":{"start":{"line":249,"column":14},"end":{"line":249,"column":15}},"loc":{"start":{"line":249,"column":28},"end":{"line":249,"column":53}},"line":249},"7":{"name":"(anonymous_7)","decl":{"start":{"line":250,"column":14},"end":{"line":250,"column":15}},"loc":{"start":{"line":250,"column":32},"end":{"line":258,"column":9}},"line":250},"8":{"name":"(anonymous_8)","decl":{"start":{"line":252,"column":24},"end":{"line":252,"column":25}},"loc":{"start":{"line":252,"column":44},"end":{"line":256,"column":11}},"line":252},"9":{"name":"(anonymous_9)","decl":{"start":{"line":257,"column":21},"end":{"line":257,"column":22}},"loc":{"start":{"line":257,"column":27},"end":{"line":257,"column":57}},"line":257},"10":{"name":"(anonymous_10)","decl":{"start":{"line":258,"column":17},"end":{"line":258,"column":18}},"loc":{"start":{"line":258,"column":28},"end":{"line":261,"column":9}},"line":258},"11":{"name":"(anonymous_11)","decl":{"start":{"line":266,"column":2},"end":{"line":266,"column":3}},"loc":{"start":{"line":266,"column":26},"end":{"line":300,"column":3}},"line":266},"12":{"name":"(anonymous_12)","decl":{"start":{"line":267,"column":19},"end":{"line":267,"column":20}},"loc":{"start":{"line":267,"column":29},"end":{"line":291,"column":5}},"line":267},"13":{"name":"(anonymous_13)","decl":{"start":{"line":295,"column":18},"end":{"line":295,"column":19}},"loc":{"start":{"line":295,"column":38},"end":{"line":299,"column":5}},"line":295},"14":{"name":"(anonymous_14)","decl":{"start":{"line":305,"column":2},"end":{"line":305,"column":3}},"loc":{"start":{"line":305,"column":54},"end":{"line":342,"column":3}},"line":305},"15":{"name":"(anonymous_15)","decl":{"start":{"line":307,"column":18},"end":{"line":307,"column":19}},"loc":{"start":{"line":307,"column":38},"end":{"line":341,"column":5}},"line":307},"16":{"name":"(anonymous_16)","decl":{"start":{"line":345,"column":2},"end":{"line":345,"column":3}},"loc":{"start":{"line":345,"column":15},"end":{"line":369,"column":3}},"line":345},"17":{"name":"(anonymous_17)","decl":{"start":{"line":346,"column":18},"end":{"line":346,"column":19}},"loc":{"start":{"line":346,"column":38},"end":{"line":366,"column":5}},"line":346},"18":{"name":"(anonymous_18)","decl":{"start":{"line":372,"column":2},"end":{"line":372,"column":3}},"loc":{"start":{"line":372,"column":15},"end":{"line":392,"column":3}},"line":372},"19":{"name":"(anonymous_19)","decl":{"start":{"line":373,"column":18},"end":{"line":373,"column":19}},"loc":{"start":{"line":373,"column":38},"end":{"line":391,"column":5}},"line":373},"20":{"name":"(anonymous_20)","decl":{"start":{"line":394,"column":2},"end":{"line":394,"column":3}},"loc":{"start":{"line":394,"column":18},"end":{"line":407,"column":3}},"line":394},"21":{"name":"(anonymous_21)","decl":{"start":{"line":395,"column":18},"end":{"line":395,"column":19}},"loc":{"start":{"line":395,"column":38},"end":{"line":406,"column":5}},"line":395},"22":{"name":"(anonymous_22)","decl":{"start":{"line":410,"column":2},"end":{"line":410,"column":3}},"loc":{"start":{"line":410,"column":22},"end":{"line":414,"column":3}},"line":410},"23":{"name":"(anonymous_23)","decl":{"start":{"line":417,"column":2},"end":{"line":417,"column":3}},"loc":{"start":{"line":417,"column":13},"end":{"line":434,"column":3}},"line":417},"24":{"name":"(anonymous_24)","decl":{"start":{"line":440,"column":2},"end":{"line":440,"column":3}},"loc":{"start":{"line":440,"column":12},"end":{"line":442,"column":3}},"line":440},"25":{"name":"(anonymous_25)","decl":{"start":{"line":445,"column":2},"end":{"line":445,"column":3}},"loc":{"start":{"line":445,"column":23},"end":{"line":452,"column":3}},"line":445},"26":{"name":"(anonymous_26)","decl":{"start":{"line":446,"column":18},"end":{"line":446,"column":19}},"loc":{"start":{"line":446,"column":38},"end":{"line":450,"column":5}},"line":446},"27":{"name":"(anonymous_27)","decl":{"start":{"line":455,"column":2},"end":{"line":455,"column":3}},"loc":{"start":{"line":455,"column":21},"end":{"line":462,"column":3}},"line":455},"28":{"name":"(anonymous_28)","decl":{"start":{"line":456,"column":18},"end":{"line":456,"column":19}},"loc":{"start":{"line":456,"column":38},"end":{"line":460,"column":5}},"line":456},"29":{"name":"(anonymous_29)","decl":{"start":{"line":465,"column":2},"end":{"line":465,"column":3}},"loc":{"start":{"line":465,"column":20},"end":{"line":471,"column":3}},"line":465},"30":{"name":"(anonymous_30)","decl":{"start":{"line":466,"column":18},"end":{"line":466,"column":19}},"loc":{"start":{"line":466,"column":38},"end":{"line":470,"column":5}},"line":466},"31":{"name":"(anonymous_31)","decl":{"start":{"line":473,"column":2},"end":{"line":473,"column":3}},"loc":{"start":{"line":473,"column":26},"end":{"line":495,"column":3}},"line":473},"32":{"name":"(anonymous_32)","decl":{"start":{"line":488,"column":12},"end":{"line":488,"column":13}},"loc":{"start":{"line":488,"column":24},"end":{"line":488,"column":49}},"line":488},"33":{"name":"(anonymous_33)","decl":{"start":{"line":489,"column":12},"end":{"line":489,"column":13}},"loc":{"start":{"line":489,"column":30},"end":{"line":491,"column":7}},"line":489},"34":{"name":"(anonymous_34)","decl":{"start":{"line":491,"column":15},"end":{"line":491,"column":16}},"loc":{"start":{"line":491,"column":26},"end":{"line":493,"column":7}},"line":491},"35":{"name":"(anonymous_35)","decl":{"start":{"line":497,"column":2},"end":{"line":497,"column":3}},"loc":{"start":{"line":497,"column":19},"end":{"line":501,"column":3}},"line":497},"36":{"name":"(anonymous_36)","decl":{"start":{"line":503,"column":2},"end":{"line":503,"column":3}},"loc":{"start":{"line":503,"column":20},"end":{"line":507,"column":3}},"line":503},"37":{"name":"(anonymous_37)","decl":{"start":{"line":510,"column":2},"end":{"line":510,"column":3}},"loc":{"start":{"line":510,"column":21},"end":{"line":518,"column":3}},"line":510},"38":{"name":"(anonymous_38)","decl":{"start":{"line":521,"column":2},"end":{"line":521,"column":3}},"loc":{"start":{"line":521,"column":21},"end":{"line":536,"column":3}},"line":521},"39":{"name":"(anonymous_39)","decl":{"start":{"line":538,"column":2},"end":{"line":538,"column":3}},"loc":{"start":{"line":538,"column":13},"end":{"line":580,"column":3}},"line":538},"40":{"name":"(anonymous_40)","decl":{"start":{"line":547,"column":33},"end":{"line":547,"column":34}},"loc":{"start":{"line":547,"column":48},"end":{"line":555,"column":9}},"line":547},"41":{"name":"(anonymous_41)","decl":{"start":{"line":551,"column":54},"end":{"line":551,"column":55}},"loc":{"start":{"line":551,"column":60},"end":{"line":551,"column":76}},"line":551},"42":{"name":"(anonymous_42)","decl":{"start":{"line":582,"column":2},"end":{"line":582,"column":3}},"loc":{"start":{"line":582,"column":20},"end":{"line":588,"column":3}},"line":582},"43":{"name":"(anonymous_43)","decl":{"start":{"line":583,"column":18},"end":{"line":583,"column":19}},"loc":{"start":{"line":583,"column":38},"end":{"line":587,"column":5}},"line":583},"44":{"name":"(anonymous_44)","decl":{"start":{"line":590,"column":2},"end":{"line":590,"column":3}},"loc":{"start":{"line":590,"column":22},"end":{"line":596,"column":3}},"line":590},"45":{"name":"(anonymous_45)","decl":{"start":{"line":591,"column":18},"end":{"line":591,"column":19}},"loc":{"start":{"line":591,"column":38},"end":{"line":595,"column":5}},"line":591},"46":{"name":"(anonymous_46)","decl":{"start":{"line":598,"column":2},"end":{"line":598,"column":3}},"loc":{"start":{"line":598,"column":22},"end":{"line":604,"column":3}},"line":598},"47":{"name":"(anonymous_47)","decl":{"start":{"line":599,"column":18},"end":{"line":599,"column":19}},"loc":{"start":{"line":599,"column":38},"end":{"line":603,"column":5}},"line":599},"48":{"name":"(anonymous_48)","decl":{"start":{"line":606,"column":2},"end":{"line":606,"column":3}},"loc":{"start":{"line":606,"column":16},"end":{"line":614,"column":3}},"line":606},"49":{"name":"(anonymous_49)","decl":{"start":{"line":609,"column":18},"end":{"line":609,"column":19}},"loc":{"start":{"line":609,"column":38},"end":{"line":613,"column":5}},"line":609},"50":{"name":"(anonymous_50)","decl":{"start":{"line":616,"column":2},"end":{"line":616,"column":3}},"loc":{"start":{"line":616,"column":25},"end":{"line":623,"column":3}},"line":616},"51":{"name":"(anonymous_51)","decl":{"start":{"line":625,"column":2},"end":{"line":625,"column":3}},"loc":{"start":{"line":625,"column":24},"end":{"line":626,"column":3}},"line":625},"52":{"name":"(anonymous_52)","decl":{"start":{"line":628,"column":2},"end":{"line":628,"column":3}},"loc":{"start":{"line":628,"column":11},"end":{"line":736,"column":3}},"line":628},"53":{"name":"(anonymous_53)","decl":{"start":{"line":666,"column":18},"end":{"line":666,"column":19}},"loc":{"start":{"line":666,"column":27},"end":{"line":666,"column":49}},"line":666},"54":{"name":"(anonymous_54)","decl":{"start":{"line":689,"column":24},"end":{"line":689,"column":25}},"loc":{"start":{"line":689,"column":35},"end":{"line":693,"column":13}},"line":689},"55":{"name":"(anonymous_55)","decl":{"start":{"line":694,"column":26},"end":{"line":694,"column":27}},"loc":{"start":{"line":694,"column":36},"end":{"line":694,"column":58}},"line":694},"56":{"name":"(anonymous_56)","decl":{"start":{"line":697,"column":86},"end":{"line":697,"column":87}},"loc":{"start":{"line":697,"column":96},"end":{"line":697,"column":136}},"line":697},"57":{"name":"(anonymous_57)","decl":{"start":{"line":710,"column":84},"end":{"line":710,"column":85}},"loc":{"start":{"line":710,"column":94},"end":{"line":710,"column":135}},"line":710}},"branchMap":{"0":{"loc":{"start":{"line":165,"column":4},"end":{"line":167,"column":5}},"type":"if","locations":[{"start":{"line":165,"column":4},"end":{"line":167,"column":5}},{"start":{"line":165,"column":4},"end":{"line":167,"column":5}}],"line":165},"1":{"loc":{"start":{"line":181,"column":24},"end":{"line":183,"column":22}},"type":"cond-expr","locations":[{"start":{"line":182,"column":8},"end":{"line":182,"column":22}},{"start":{"line":183,"column":8},"end":{"line":183,"column":22}}],"line":181},"2":{"loc":{"start":{"line":203,"column":6},"end":{"line":210,"column":7}},"type":"if","locations":[{"start":{"line":203,"column":6},"end":{"line":210,"column":7}},{"start":{"line":203,"column":6},"end":{"line":210,"column":7}}],"line":203},"3":{"loc":{"start":{"line":219,"column":4},"end":{"line":225,"column":5}},"type":"if","locations":[{"start":{"line":219,"column":4},"end":{"line":225,"column":5}},{"start":{"line":219,"column":4},"end":{"line":225,"column":5}}],"line":219},"4":{"loc":{"start":{"line":221,"column":6},"end":{"line":223,"column":7}},"type":"if","locations":[{"start":{"line":221,"column":6},"end":{"line":223,"column":7}},{"start":{"line":221,"column":6},"end":{"line":223,"column":7}}],"line":221},"5":{"loc":{"start":{"line":227,"column":4},"end":{"line":229,"column":5}},"type":"if","locations":[{"start":{"line":227,"column":4},"end":{"line":229,"column":5}},{"start":{"line":227,"column":4},"end":{"line":229,"column":5}}],"line":227},"6":{"loc":{"start":{"line":279,"column":6},"end":{"line":290,"column":7}},"type":"if","locations":[{"start":{"line":279,"column":6},"end":{"line":290,"column":7}},{"start":{"line":279,"column":6},"end":{"line":290,"column":7}}],"line":279},"7":{"loc":{"start":{"line":280,"column":8},"end":{"line":286,"column":9}},"type":"if","locations":[{"start":{"line":280,"column":8},"end":{"line":286,"column":9}},{"start":{"line":280,"column":8},"end":{"line":286,"column":9}}],"line":280},"8":{"loc":{"start":{"line":305,"column":26},"end":{"line":305,"column":39}},"type":"default-arg","locations":[{"start":{"line":305,"column":35},"end":{"line":305,"column":39}}],"line":305},"9":{"loc":{"start":{"line":305,"column":40},"end":{"line":305,"column":53}},"type":"default-arg","locations":[{"start":{"line":305,"column":49},"end":{"line":305,"column":53}}],"line":305},"10":{"loc":{"start":{"line":313,"column":8},"end":{"line":327,"column":9}},"type":"if","locations":[{"start":{"line":313,"column":8},"end":{"line":327,"column":9}},{"start":{"line":313,"column":8},"end":{"line":327,"column":9}}],"line":313},"11":{"loc":{"start":{"line":315,"column":10},"end":{"line":325,"column":11}},"type":"if","locations":[{"start":{"line":315,"column":10},"end":{"line":325,"column":11}},{"start":{"line":315,"column":10},"end":{"line":325,"column":11}}],"line":315},"12":{"loc":{"start":{"line":317,"column":14},"end":{"line":319,"column":15}},"type":"if","locations":[{"start":{"line":317,"column":14},"end":{"line":319,"column":15}},{"start":{"line":317,"column":14},"end":{"line":319,"column":15}}],"line":317},"13":{"loc":{"start":{"line":329,"column":6},"end":{"line":335,"column":7}},"type":"if","locations":[{"start":{"line":329,"column":6},"end":{"line":335,"column":7}},{"start":{"line":329,"column":6},"end":{"line":335,"column":7}}],"line":329},"14":{"loc":{"start":{"line":337,"column":6},"end":{"line":339,"column":7}},"type":"if","locations":[{"start":{"line":337,"column":6},"end":{"line":339,"column":7}},{"start":{"line":337,"column":6},"end":{"line":339,"column":7}}],"line":337},"15":{"loc":{"start":{"line":353,"column":8},"end":{"line":362,"column":9}},"type":"if","locations":[{"start":{"line":353,"column":8},"end":{"line":362,"column":9}},{"start":{"line":353,"column":8},"end":{"line":362,"column":9}}],"line":353},"16":{"loc":{"start":{"line":355,"column":12},"end":{"line":359,"column":13}},"type":"if","locations":[{"start":{"line":355,"column":12},"end":{"line":359,"column":13}},{"start":{"line":355,"column":12},"end":{"line":359,"column":13}}],"line":355},"17":{"loc":{"start":{"line":420,"column":4},"end":{"line":423,"column":5}},"type":"if","locations":[{"start":{"line":420,"column":4},"end":{"line":423,"column":5}},{"start":{"line":420,"column":4},"end":{"line":423,"column":5}}],"line":420},"18":{"loc":{"start":{"line":514,"column":4},"end":{"line":514,"column":37}},"type":"binary-expr","locations":[{"start":{"line":514,"column":5},"end":{"line":514,"column":19}},{"start":{"line":514,"column":25},"end":{"line":514,"column":36}}],"line":514},"19":{"loc":{"start":{"line":515,"column":4},"end":{"line":515,"column":37}},"type":"binary-expr","locations":[{"start":{"line":515,"column":5},"end":{"line":515,"column":19}},{"start":{"line":515,"column":25},"end":{"line":515,"column":36}}],"line":515},"20":{"loc":{"start":{"line":522,"column":4},"end":{"line":524,"column":5}},"type":"if","locations":[{"start":{"line":522,"column":4},"end":{"line":524,"column":5}},{"start":{"line":522,"column":4},"end":{"line":524,"column":5}}],"line":522},"21":{"loc":{"start":{"line":527,"column":4},"end":{"line":529,"column":5}},"type":"if","locations":[{"start":{"line":527,"column":4},"end":{"line":529,"column":5}},{"start":{"line":527,"column":4},"end":{"line":529,"column":5}}],"line":527},"22":{"loc":{"start":{"line":530,"column":15},"end":{"line":530,"column":35}},"type":"cond-expr","locations":[{"start":{"line":530,"column":24},"end":{"line":530,"column":28}},{"start":{"line":530,"column":31},"end":{"line":530,"column":35}}],"line":530},"23":{"loc":{"start":{"line":532,"column":4},"end":{"line":534,"column":5}},"type":"if","locations":[{"start":{"line":532,"column":4},"end":{"line":534,"column":5}},{"start":{"line":532,"column":4},"end":{"line":534,"column":5}}],"line":532},"24":{"loc":{"start":{"line":546,"column":6},"end":{"line":556,"column":7}},"type":"if","locations":[{"start":{"line":546,"column":6},"end":{"line":556,"column":7}},{"start":{"line":546,"column":6},"end":{"line":556,"column":7}}],"line":546},"25":{"loc":{"start":{"line":562,"column":4},"end":{"line":567,"column":5}},"type":"if","locations":[{"start":{"line":562,"column":4},"end":{"line":567,"column":5}},{"start":{"line":562,"column":4},"end":{"line":567,"column":5}}],"line":562},"26":{"loc":{"start":{"line":568,"column":4},"end":{"line":570,"column":5}},"type":"if","locations":[{"start":{"line":568,"column":4},"end":{"line":570,"column":5}},{"start":{"line":568,"column":4},"end":{"line":570,"column":5}}],"line":568},"27":{"loc":{"start":{"line":617,"column":4},"end":{"line":622,"column":5}},"type":"if","locations":[{"start":{"line":617,"column":4},"end":{"line":622,"column":5}},{"start":{"line":617,"column":4},"end":{"line":622,"column":5}}],"line":617},"28":{"loc":{"start":{"line":629,"column":4},"end":{"line":735,"column":5}},"type":"if","locations":[{"start":{"line":629,"column":4},"end":{"line":735,"column":5}},{"start":{"line":629,"column":4},"end":{"line":735,"column":5}}],"line":629},"29":{"loc":{"start":{"line":635,"column":22},"end":{"line":637,"column":29}},"type":"cond-expr","locations":[{"start":{"line":636,"column":12},"end":{"line":636,"column":30}},{"start":{"line":637,"column":12},"end":{"line":637,"column":29}}],"line":635},"30":{"loc":{"start":{"line":646,"column":22},"end":{"line":648,"column":35}},"type":"cond-expr","locations":[{"start":{"line":647,"column":12},"end":{"line":647,"column":36}},{"start":{"line":648,"column":12},"end":{"line":648,"column":35}}],"line":646},"31":{"loc":{"start":{"line":653,"column":7},"end":{"line":659,"column":17}},"type":"cond-expr","locations":[{"start":{"line":653,"column":28},"end":{"line":658,"column":15}},{"start":{"line":659,"column":10},"end":{"line":659,"column":17}}],"line":653},"32":{"loc":{"start":{"line":672,"column":9},"end":{"line":735,"column":5}},"type":"if","locations":[{"start":{"line":672,"column":9},"end":{"line":735,"column":5}},{"start":{"line":672,"column":9},"end":{"line":735,"column":5}}],"line":672},"33":{"loc":{"start":{"line":678,"column":22},"end":{"line":680,"column":33}},"type":"cond-expr","locations":[{"start":{"line":679,"column":14},"end":{"line":679,"column":34}},{"start":{"line":680,"column":14},"end":{"line":680,"column":33}}],"line":678},"34":{"loc":{"start":{"line":690,"column":14},"end":{"line":692,"column":15}},"type":"if","locations":[{"start":{"line":690,"column":14},"end":{"line":692,"column":15}},{"start":{"line":690,"column":14},"end":{"line":692,"column":15}}],"line":690},"35":{"loc":{"start":{"line":706,"column":27},"end":{"line":706,"column":115}},"type":"cond-expr","locations":[{"start":{"line":706,"column":53},"end":{"line":706,"column":84}},{"start":{"line":706,"column":86},"end":{"line":706,"column":115}}],"line":706},"36":{"loc":{"start":{"line":727,"column":13},"end":{"line":730,"column":31}},"type":"cond-expr","locations":[{"start":{"line":727,"column":37},"end":{"line":727,"column":44}},{"start":{"line":727,"column":47},"end":{"line":730,"column":31}}],"line":727}},"s":{"0":1,"1":3,"2":3,"3":3,"4":3,"5":3,"6":1,"7":3,"8":3,"9":3,"10":72,"11":72,"12":3,"13":78,"14":0,"15":0,"16":0,"17":0,"18":0,"19":0,"20":0,"21":0,"22":0,"23":0,"24":0,"25":0,"26":0,"27":0,"28":0,"29":0,"30":0,"31":0,"32":0,"33":0,"34":0,"35":0,"36":0,"37":0,"38":0,"39":0,"40":0,"41":0,"42":0,"43":0,"44":0,"45":0,"46":0,"47":0,"48":0,"49":0,"50":0,"51":0,"52":0,"53":0,"54":0,"55":0,"56":0,"57":0,"58":0,"59":0,"60":0,"61":0,"62":0,"63":0,"64":0,"65":0,"66":0,"67":0,"68":0,"69":0,"70":0,"71":0,"72":0,"73":0,"74":0,"75":0,"76":0,"77":0,"78":0,"79":0,"80":0,"81":0,"82":0,"83":0,"84":0,"85":0,"86":0,"87":0,"88":0,"89":0,"90":0,"91":0,"92":0,"93":0,"94":0,"95":0,"96":0,"97":0,"98":0,"99":0,"100":0,"101":0,"102":0,"103":0,"104":0,"105":0,"106":0,"107":0,"108":0,"109":0,"110":0,"111":0,"112":0,"113":0,"114":0,"115":0,"116":0,"117":0,"118":0,"119":0,"120":0,"121":0,"122":0,"123":0,"124":0,"125":0,"126":0,"127":0,"128":0,"129":0,"130":0,"131":0,"132":0,"133":0,"134":0,"135":0,"136":0,"137":0,"138":0,"139":0,"140":0,"141":0,"142":0,"143":0,"144":0,"145":0,"146":0,"147":0,"148":0,"149":0,"150":0,"151":0,"152":0,"153":0,"154":0,"155":0,"156":0,"157":0,"158":0,"159":0,"160":0,"161":0,"162":0,"163":0,"164":0,"165":0,"166":0,"167":0,"168":0,"169":0,"170":0,"171":0,"172":0,"173":0,"174":0,"175":0,"176":0,"177":0,"178":0,"179":0,"180":0,"181":0,"182":0,"183":0,"184":0,"185":0,"186":0,"187":0,"188":0,"189":0,"190":0,"191":0,"192":0,"193":0,"194":0,"195":0,"196":0,"197":0,"198":0,"199":0,"200":0,"201":0,"202":0,"203":0,"204":0,"205":0,"206":0,"207":0,"208":0,"209":0,"210":0,"211":0,"212":0,"213":3,"214":3,"215":0,"216":0,"217":0,"218":0,"219":0,"220":0,"221":0,"222":0,"223":0,"224":0},"f":{"0":3,"1":78,"2":0,"3":0,"4":0,"5":0,"6":0,"7":0,"8":0,"9":0,"10":0,"11":0,"12":0,"13":0,"14":0,"15":0,"16":0,"17":0,"18":0,"19":0,"20":0,"21":0,"22":0,"23":0,"24":0,"25":0,"26":0,"27":0,"28":0,"29":0,"30":0,"31":0,"32":0,"33":0,"34":0,"35":0,"36":0,"37":0,"38":0,"39":0,"40":0,"41":0,"42":0,"43":0,"44":0,"45":0,"46":0,"47":0,"48":0,"49":0,"50":0,"51":0,"52":3,"53":0,"54":0,"55":0,"56":0,"57":0},"b":{"0":[1,2],"1":[39,33],"2":[0,0],"3":[0,0],"4":[0,0],"5":[0,0],"6":[0,0],"7":[0,0],"8":[0],"9":[0],"10":[0,0],"11":[0,0],"12":[0,0],"13":[0,0],"14":[0,0],"15":[0,0],"16":[0,0],"17":[0,0],"18":[0,0],"19":[0,0],"20":[0,0],"21":[0,0],"22":[0,0],"23":[0,0],"24":[0,0],"25":[0,0],"26":[0,0],"27":[0,0],"28":[3,0],"29":[3,0],"30":[3,0],"31":[0,3],"32":[0,0],"33":[0,0],"34":[0,0],"35":[0,0],"36":[0,0]},"_coverageSchema":"332fd63041d2c1bcb487cc26dd0d5f7d97098a6c","hash":"e6f2b934afb7ec0ec1b3feccc368eb6205ee646c"}
,"C:\\Users\\Matthew\\CPEN321_Hacking_Company\\NeverEatAlone\\screens\\FriendTab.js": {"path":"C:\\Users\\Matthew\\CPEN321_Hacking_Company\\NeverEatAlone\\screens\\FriendTab.js","statementMap":{"0":{"start":{"line":12,"column":15},"end":{"line":149,"column":2}},"1":{"start":{"line":154,"column":4},"end":{"line":154,"column":17}},"2":{"start":{"line":155,"column":4},"end":{"line":170,"column":6}},"3":{"start":{"line":171,"column":24},"end":{"line":177,"column":16}},"4":{"start":{"line":172,"column":6},"end":{"line":176,"column":9}},"5":{"start":{"line":173,"column":23},"end":{"line":173,"column":36}},"6":{"start":{"line":174,"column":8},"end":{"line":174,"column":32}},"7":{"start":{"line":175,"column":8},"end":{"line":175,"column":26}},"8":{"start":{"line":178,"column":25},"end":{"line":184,"column":16}},"9":{"start":{"line":179,"column":6},"end":{"line":183,"column":9}},"10":{"start":{"line":180,"column":23},"end":{"line":180,"column":36}},"11":{"start":{"line":181,"column":8},"end":{"line":181,"column":33}},"12":{"start":{"line":182,"column":8},"end":{"line":182,"column":26}},"13":{"start":{"line":185,"column":25},"end":{"line":198,"column":16}},"14":{"start":{"line":186,"column":6},"end":{"line":197,"column":9}},"15":{"start":{"line":187,"column":23},"end":{"line":187,"column":36}},"16":{"start":{"line":188,"column":8},"end":{"line":195,"column":9}},"17":{"start":{"line":189,"column":10},"end":{"line":194,"column":11}},"18":{"start":{"line":190,"column":12},"end":{"line":193,"column":13}},"19":{"start":{"line":191,"column":14},"end":{"line":191,"column":58}},"20":{"start":{"line":192,"column":14},"end":{"line":192,"column":20}},"21":{"start":{"line":196,"column":8},"end":{"line":196,"column":26}},"22":{"start":{"line":199,"column":26},"end":{"line":212,"column":16}},"23":{"start":{"line":200,"column":6},"end":{"line":211,"column":9}},"24":{"start":{"line":201,"column":23},"end":{"line":201,"column":36}},"25":{"start":{"line":202,"column":8},"end":{"line":209,"column":9}},"26":{"start":{"line":203,"column":10},"end":{"line":208,"column":11}},"27":{"start":{"line":204,"column":12},"end":{"line":207,"column":13}},"28":{"start":{"line":205,"column":14},"end":{"line":205,"column":67}},"29":{"start":{"line":206,"column":14},"end":{"line":206,"column":20}},"30":{"start":{"line":210,"column":8},"end":{"line":210,"column":26}},"31":{"start":{"line":213,"column":4},"end":{"line":213,"column":84}},"32":{"start":{"line":214,"column":4},"end":{"line":214,"column":90}},"33":{"start":{"line":215,"column":4},"end":{"line":215,"column":87}},"34":{"start":{"line":216,"column":4},"end":{"line":216,"column":87}},"35":{"start":{"line":220,"column":4},"end":{"line":222,"column":5}},"36":{"start":{"line":221,"column":8},"end":{"line":221,"column":18}},"37":{"start":{"line":223,"column":15},"end":{"line":223,"column":39}},"38":{"start":{"line":224,"column":4},"end":{"line":226,"column":5}},"39":{"start":{"line":225,"column":8},"end":{"line":225,"column":18}},"40":{"start":{"line":227,"column":12},"end":{"line":227,"column":44}},"41":{"start":{"line":228,"column":12},"end":{"line":228,"column":46}},"42":{"start":{"line":229,"column":4},"end":{"line":229,"column":54}},"43":{"start":{"line":230,"column":4},"end":{"line":230,"column":17}},"44":{"start":{"line":231,"column":4},"end":{"line":231,"column":30}},"45":{"start":{"line":238,"column":4},"end":{"line":251,"column":5}},"46":{"start":{"line":239,"column":8},"end":{"line":239,"column":18}},"47":{"start":{"line":241,"column":9},"end":{"line":251,"column":5}},"48":{"start":{"line":242,"column":6},"end":{"line":242,"column":28}},"49":{"start":{"line":244,"column":9},"end":{"line":251,"column":5}},"50":{"start":{"line":245,"column":6},"end":{"line":245,"column":43}},"51":{"start":{"line":246,"column":6},"end":{"line":246,"column":39}},"52":{"start":{"line":249,"column":8},"end":{"line":249,"column":40}},"53":{"start":{"line":250,"column":8},"end":{"line":250,"column":37}},"54":{"start":{"line":255,"column":2},"end":{"line":259,"column":4}},"55":{"start":{"line":256,"column":19},"end":{"line":256,"column":32}},"56":{"start":{"line":257,"column":4},"end":{"line":257,"column":28}},"57":{"start":{"line":258,"column":4},"end":{"line":258,"column":22}},"58":{"start":{"line":263,"column":17},"end":{"line":263,"column":44}},"59":{"start":{"line":264,"column":14},"end":{"line":264,"column":140}},"60":{"start":{"line":266,"column":4},"end":{"line":272,"column":7}},"61":{"start":{"line":267,"column":21},"end":{"line":267,"column":34}},"62":{"start":{"line":268,"column":6},"end":{"line":268,"column":26}},"63":{"start":{"line":269,"column":6},"end":{"line":269,"column":31}},"64":{"start":{"line":270,"column":6},"end":{"line":270,"column":39}},"65":{"start":{"line":271,"column":6},"end":{"line":271,"column":24}},"66":{"start":{"line":273,"column":4},"end":{"line":284,"column":7}},"67":{"start":{"line":277,"column":26},"end":{"line":277,"column":49}},"68":{"start":{"line":279,"column":6},"end":{"line":279,"column":84}},"69":{"start":{"line":283,"column":6},"end":{"line":283,"column":17}},"70":{"start":{"line":287,"column":4},"end":{"line":287,"column":28}},"71":{"start":{"line":288,"column":4},"end":{"line":293,"column":7}},"72":{"start":{"line":289,"column":21},"end":{"line":289,"column":34}},"73":{"start":{"line":290,"column":6},"end":{"line":290,"column":26}},"74":{"start":{"line":291,"column":6},"end":{"line":291,"column":37}},"75":{"start":{"line":292,"column":6},"end":{"line":292,"column":24}},"76":{"start":{"line":296,"column":4},"end":{"line":302,"column":7}},"77":{"start":{"line":297,"column":21},"end":{"line":297,"column":34}},"78":{"start":{"line":298,"column":6},"end":{"line":298,"column":26}},"79":{"start":{"line":299,"column":6},"end":{"line":299,"column":28}},"80":{"start":{"line":300,"column":6},"end":{"line":300,"column":35}},"81":{"start":{"line":301,"column":6},"end":{"line":301,"column":24}},"82":{"start":{"line":306,"column":4},"end":{"line":311,"column":5}},"83":{"start":{"line":307,"column":6},"end":{"line":310,"column":9}},"84":{"start":{"line":315,"column":4},"end":{"line":323,"column":5}},"85":{"start":{"line":316,"column":6},"end":{"line":322,"column":18}},"86":{"start":{"line":317,"column":21},"end":{"line":317,"column":41}},"87":{"start":{"line":318,"column":8},"end":{"line":320,"column":9}},"88":{"start":{"line":319,"column":10},"end":{"line":319,"column":46}},"89":{"start":{"line":328,"column":16},"end":{"line":344,"column":6}},"90":{"start":{"line":345,"column":4},"end":{"line":358,"column":7}},"91":{"start":{"line":352,"column":27},"end":{"line":352,"column":50}},"92":{"start":{"line":357,"column":6},"end":{"line":357,"column":17}},"93":{"start":{"line":360,"column":4},"end":{"line":360,"column":23}},"94":{"start":{"line":364,"column":4},"end":{"line":364,"column":41}},"95":{"start":{"line":365,"column":4},"end":{"line":365,"column":39}},"96":{"start":{"line":366,"column":4},"end":{"line":366,"column":40}},"97":{"start":{"line":367,"column":4},"end":{"line":367,"column":40}},"98":{"start":{"line":371,"column":17},"end":{"line":405,"column":5}},"99":{"start":{"line":372,"column":18},"end":{"line":388,"column":8}},"100":{"start":{"line":389,"column":6},"end":{"line":402,"column":9}},"101":{"start":{"line":396,"column":29},"end":{"line":396,"column":52}},"102":{"start":{"line":401,"column":8},"end":{"line":401,"column":19}},"103":{"start":{"line":404,"column":6},"end":{"line":404,"column":25}},"104":{"start":{"line":406,"column":4},"end":{"line":414,"column":5}},"105":{"start":{"line":418,"column":4},"end":{"line":429,"column":6}},"106":{"start":{"line":419,"column":39},"end":{"line":419,"column":61}},"107":{"start":{"line":434,"column":4},"end":{"line":598,"column":5}},"108":{"start":{"line":435,"column":6},"end":{"line":504,"column":15}},"109":{"start":{"line":454,"column":23},"end":{"line":454,"column":57}},"110":{"start":{"line":463,"column":23},"end":{"line":463,"column":51}},"111":{"start":{"line":472,"column":23},"end":{"line":472,"column":50}},"112":{"start":{"line":484,"column":14},"end":{"line":487,"column":15}},"113":{"start":{"line":485,"column":16},"end":{"line":485,"column":63}},"114":{"start":{"line":486,"column":16},"end":{"line":486,"column":35}},"115":{"start":{"line":490,"column":36},"end":{"line":490,"column":60}},"116":{"start":{"line":507,"column":9},"end":{"line":598,"column":5}},"117":{"start":{"line":508,"column":6},"end":{"line":529,"column":8}},"118":{"start":{"line":512,"column":27},"end":{"line":512,"column":104}},"119":{"start":{"line":526,"column":44},"end":{"line":526,"column":74}},"120":{"start":{"line":533,"column":6},"end":{"line":597,"column":15}},"121":{"start":{"line":553,"column":48},"end":{"line":553,"column":61}},"122":{"start":{"line":556,"column":14},"end":{"line":568,"column":33}},"123":{"start":{"line":560,"column":29},"end":{"line":560,"column":57}},"124":{"start":{"line":578,"column":48},"end":{"line":578,"column":60}},"125":{"start":{"line":580,"column":14},"end":{"line":592,"column":33}},"126":{"start":{"line":584,"column":29},"end":{"line":584,"column":58}}},"fnMap":{"0":{"name":"(anonymous_0)","decl":{"start":{"line":153,"column":2},"end":{"line":153,"column":3}},"loc":{"start":{"line":153,"column":20},"end":{"line":217,"column":3}},"line":153},"1":{"name":"(anonymous_1)","decl":{"start":{"line":171,"column":24},"end":{"line":171,"column":25}},"loc":{"start":{"line":171,"column":38},"end":{"line":177,"column":5}},"line":171},"2":{"name":"(anonymous_2)","decl":{"start":{"line":172,"column":20},"end":{"line":172,"column":21}},"loc":{"start":{"line":172,"column":39},"end":{"line":176,"column":7}},"line":172},"3":{"name":"(anonymous_3)","decl":{"start":{"line":178,"column":25},"end":{"line":178,"column":26}},"loc":{"start":{"line":178,"column":35},"end":{"line":184,"column":5}},"line":178},"4":{"name":"(anonymous_4)","decl":{"start":{"line":179,"column":20},"end":{"line":179,"column":21}},"loc":{"start":{"line":179,"column":39},"end":{"line":183,"column":7}},"line":179},"5":{"name":"(anonymous_5)","decl":{"start":{"line":185,"column":25},"end":{"line":185,"column":26}},"loc":{"start":{"line":185,"column":39},"end":{"line":198,"column":5}},"line":185},"6":{"name":"(anonymous_6)","decl":{"start":{"line":186,"column":20},"end":{"line":186,"column":21}},"loc":{"start":{"line":186,"column":39},"end":{"line":197,"column":7}},"line":186},"7":{"name":"(anonymous_7)","decl":{"start":{"line":199,"column":26},"end":{"line":199,"column":27}},"loc":{"start":{"line":199,"column":40},"end":{"line":212,"column":5}},"line":199},"8":{"name":"(anonymous_8)","decl":{"start":{"line":200,"column":20},"end":{"line":200,"column":21}},"loc":{"start":{"line":200,"column":39},"end":{"line":211,"column":7}},"line":200},"9":{"name":"(anonymous_9)","decl":{"start":{"line":219,"column":2},"end":{"line":219,"column":3}},"loc":{"start":{"line":219,"column":26},"end":{"line":232,"column":3}},"line":219},"10":{"name":"(anonymous_10)","decl":{"start":{"line":237,"column":2},"end":{"line":237,"column":3}},"loc":{"start":{"line":237,"column":25},"end":{"line":252,"column":1}},"line":237},"11":{"name":"(anonymous_11)","decl":{"start":{"line":254,"column":0},"end":{"line":254,"column":1}},"loc":{"start":{"line":254,"column":19},"end":{"line":260,"column":1}},"line":254},"12":{"name":"(anonymous_12)","decl":{"start":{"line":255,"column":16},"end":{"line":255,"column":17}},"loc":{"start":{"line":255,"column":35},"end":{"line":259,"column":3}},"line":255},"13":{"name":"(anonymous_13)","decl":{"start":{"line":262,"column":2},"end":{"line":262,"column":3}},"loc":{"start":{"line":262,"column":23},"end":{"line":285,"column":3}},"line":262},"14":{"name":"(anonymous_14)","decl":{"start":{"line":266,"column":18},"end":{"line":266,"column":19}},"loc":{"start":{"line":266,"column":37},"end":{"line":272,"column":5}},"line":266},"15":{"name":"(anonymous_15)","decl":{"start":{"line":277,"column":11},"end":{"line":277,"column":12}},"loc":{"start":{"line":277,"column":25},"end":{"line":277,"column":50}},"line":277},"16":{"name":"(anonymous_16)","decl":{"start":{"line":278,"column":10},"end":{"line":278,"column":11}},"loc":{"start":{"line":278,"column":28},"end":{"line":281,"column":5}},"line":278},"17":{"name":"(anonymous_17)","decl":{"start":{"line":282,"column":11},"end":{"line":282,"column":12}},"loc":{"start":{"line":282,"column":20},"end":{"line":284,"column":5}},"line":282},"18":{"name":"(anonymous_18)","decl":{"start":{"line":286,"column":2},"end":{"line":286,"column":3}},"loc":{"start":{"line":286,"column":28},"end":{"line":294,"column":3}},"line":286},"19":{"name":"(anonymous_19)","decl":{"start":{"line":288,"column":18},"end":{"line":288,"column":19}},"loc":{"start":{"line":288,"column":37},"end":{"line":293,"column":5}},"line":288},"20":{"name":"(anonymous_20)","decl":{"start":{"line":295,"column":2},"end":{"line":295,"column":3}},"loc":{"start":{"line":295,"column":15},"end":{"line":303,"column":3}},"line":295},"21":{"name":"(anonymous_21)","decl":{"start":{"line":296,"column":18},"end":{"line":296,"column":19}},"loc":{"start":{"line":296,"column":37},"end":{"line":302,"column":5}},"line":296},"22":{"name":"(anonymous_22)","decl":{"start":{"line":305,"column":2},"end":{"line":305,"column":3}},"loc":{"start":{"line":305,"column":11},"end":{"line":312,"column":3}},"line":305},"23":{"name":"(anonymous_23)","decl":{"start":{"line":314,"column":2},"end":{"line":314,"column":3}},"loc":{"start":{"line":314,"column":23},"end":{"line":324,"column":3}},"line":314},"24":{"name":"(anonymous_24)","decl":{"start":{"line":326,"column":2},"end":{"line":326,"column":3}},"loc":{"start":{"line":326,"column":19},"end":{"line":361,"column":3}},"line":326},"25":{"name":"(anonymous_25)","decl":{"start":{"line":352,"column":12},"end":{"line":352,"column":13}},"loc":{"start":{"line":352,"column":26},"end":{"line":352,"column":51}},"line":352},"26":{"name":"(anonymous_26)","decl":{"start":{"line":353,"column":10},"end":{"line":353,"column":11}},"loc":{"start":{"line":353,"column":28},"end":{"line":355,"column":5}},"line":353},"27":{"name":"(anonymous_27)","decl":{"start":{"line":356,"column":11},"end":{"line":356,"column":12}},"loc":{"start":{"line":356,"column":20},"end":{"line":358,"column":5}},"line":356},"28":{"name":"(anonymous_28)","decl":{"start":{"line":363,"column":2},"end":{"line":363,"column":3}},"loc":{"start":{"line":363,"column":24},"end":{"line":368,"column":3}},"line":363},"29":{"name":"(anonymous_29)","decl":{"start":{"line":370,"column":2},"end":{"line":370,"column":3}},"loc":{"start":{"line":370,"column":20},"end":{"line":415,"column":3}},"line":370},"30":{"name":"(anonymous_30)","decl":{"start":{"line":371,"column":17},"end":{"line":371,"column":18}},"loc":{"start":{"line":371,"column":23},"end":{"line":405,"column":5}},"line":371},"31":{"name":"(anonymous_31)","decl":{"start":{"line":396,"column":14},"end":{"line":396,"column":15}}
[...]
8,"column":4},"end":{"line":253,"column":7}},"58":{"start":{"line":247,"column":25},"end":{"line":247,"column":48}},"59":{"start":{"line":251,"column":6},"end":{"line":251,"column":34}},"60":{"start":{"line":252,"column":6},"end":{"line":252,"column":17}},"61":{"start":{"line":257,"column":16},"end":{"line":266,"column":6}},"62":{"start":{"line":267,"column":4},"end":{"line":282,"column":7}},"63":{"start":{"line":276,"column":25},"end":{"line":276,"column":48}},"64":{"start":{"line":280,"column":6},"end":{"line":280,"column":34}},"65":{"start":{"line":281,"column":6},"end":{"line":281,"column":17}},"66":{"start":{"line":284,"column":4},"end":{"line":289,"column":5}},"67":{"start":{"line":285,"column":8},"end":{"line":288,"column":9}},"68":{"start":{"line":286,"column":12},"end":{"line":286,"column":48}},"69":{"start":{"line":287,"column":12},"end":{"line":287,"column":18}},"70":{"start":{"line":290,"column":4},"end":{"line":290,"column":23}},"71":{"start":{"line":294,"column":4},"end":{"line":307,"column":5}},"72":{"start":{"line":295,"column":8},"end":{"line":303,"column":24}},"73":{"start":{"line":306,"column":8},"end":{"line":306,"column":23}},"74":{"start":{"line":311,"column":6},"end":{"line":311,"column":41}},"75":{"start":{"line":315,"column":4},"end":{"line":341,"column":5}},"76":{"start":{"line":316,"column":41},"end":{"line":316,"column":64}},"77":{"start":{"line":345,"column":4},"end":{"line":412,"column":5}},"78":{"start":{"line":346,"column":8},"end":{"line":370,"column":20}},"79":{"start":{"line":365,"column":24},"end":{"line":365,"column":47}},"80":{"start":{"line":373,"column":8},"end":{"line":411,"column":15}}},"fnMap":{"0":{"name":"(anonymous_0)","decl":{"start":{"line":114,"column":2},"end":{"line":114,"column":3}},"loc":{"start":{"line":114,"column":20},"end":{"line":134,"column":3}},"line":114},"1":{"name":"(anonymous_1)","decl":{"start":{"line":129,"column":26},"end":{"line":129,"column":27}},"loc":{"start":{"line":129,"column":36},"end":{"line":131,"column":7}},"line":129},"2":{"name":"(anonymous_2)","decl":{"start":{"line":138,"column":2},"end":{"line":138,"column":3}},"loc":{"start":{"line":138,"column":17},"end":{"line":147,"column":3}},"line":138},"3":{"name":"(anonymous_3)","decl":{"start":{"line":148,"column":2},"end":{"line":148,"column":3}},"loc":{"start":{"line":148,"column":25},"end":{"line":160,"column":3}},"line":148},"4":{"name":"(anonymous_4)","decl":{"start":{"line":161,"column":2},"end":{"line":161,"column":3}},"loc":{"start":{"line":161,"column":26},"end":{"line":175,"column":3}},"line":161},"5":{"name":"(anonymous_5)","decl":{"start":{"line":177,"column":2},"end":{"line":177,"column":3}},"loc":{"start":{"line":177,"column":15},"end":{"line":183,"column":3}},"line":177},"6":{"name":"(anonymous_6)","decl":{"start":{"line":178,"column":18},"end":{"line":178,"column":19}},"loc":{"start":{"line":178,"column":37},"end":{"line":182,"column":5}},"line":178},"7":{"name":"(anonymous_7)","decl":{"start":{"line":185,"column":2},"end":{"line":185,"column":3}},"loc":{"start":{"line":185,"column":22},"end":{"line":192,"column":3}},"line":185},"8":{"name":"(anonymous_8)","decl":{"start":{"line":186,"column":18},"end":{"line":186,"column":19}},"loc":{"start":{"line":186,"column":37},"end":{"line":191,"column":5}},"line":186},"9":{"name":"(anonymous_9)","decl":{"start":{"line":194,"column":2},"end":{"line":194,"column":3}},"loc":{"start":{"line":194,"column":12},"end":{"line":213,"column":3}},"line":194},"10":{"name":"(anonymous_10)","decl":{"start":{"line":195,"column":16},"end":{"line":195,"column":17}},"loc":{"start":{"line":195,"column":22},"end":{"line":202,"column":5}},"line":195},"11":{"name":"(anonymous_11)","decl":{"start":{"line":196,"column":22},"end":{"line":196,"column":23}},"loc":{"start":{"line":196,"column":41},"end":{"line":201,"column":9}},"line":196},"12":{"name":"(anonymous_12)","decl":{"start":{"line":215,"column":2},"end":{"line":215,"column":3}},"loc":{"start":{"line":215,"column":10},"end":{"line":254,"column":3}},"line":215},"13":{"name":"(anonymous_13)","decl":{"start":{"line":247,"column":10},"end":{"line":247,"column":11}},"loc":{"start":{"line":247,"column":24},"end":{"line":247,"column":49}},"line":247},"14":{"name":"(anonymous_14)","decl":{"start":{"line":248,"column":10},"end":{"line":248,"column":11}},"loc":{"start":{"line":248,"column":28},"end":{"line":249,"column":5}},"line":248},"15":{"name":"(anonymous_15)","decl":{"start":{"line":250,"column":11},"end":{"line":250,"column":12}},"loc":{"start":{"line":250,"column":19},"end":{"line":253,"column":5}},"line":250},"16":{"name":"(anonymous_16)","decl":{"start":{"line":256,"column":2},"end":{"line":256,"column":3}},"loc":{"start":{"line":256,"column":11},"end":{"line":291,"column":3}},"line":256},"17":{"name":"(anonymous_17)","decl":{"start":{"line":276,"column":10},"end":{"line":276,"column":11}},"loc":{"start":{"line":276,"column":24},"end":{"line":276,"column":49}},"line":276},"18":{"name":"(anonymous_18)","decl":{"start":{"line":277,"column":10},"end":{"line":277,"column":11}},"loc":{"start":{"line":277,"column":28},"end":{"line":278,"column":5}},"line":277},"19":{"name":"(anonymous_19)","decl":{"start":{"line":279,"column":11},"end":{"line":279,"column":12}},"loc":{"start":{"line":279,"column":19},"end":{"line":282,"column":5}},"line":279},"20":{"name":"(anonymous_20)","decl":{"start":{"line":293,"column":2},"end":{"line":293,"column":3}},"loc":{"start":{"line":293,"column":20},"end":{"line":308,"column":3}},"line":293},"21":{"name":"(anonymous_21)","decl":{"start":{"line":310,"column":2},"end":{"line":310,"column":3}},"loc":{"start":{"line":310,"column":24},"end":{"line":312,"column":3}},"line":310},"22":{"name":"(anonymous_22)","decl":{"start":{"line":314,"column":2},"end":{"line":314,"column":3}},"loc":{"start":{"line":314,"column":20},"end":{"line":342,"column":3}},"line":314},"23":{"name":"(anonymous_23)","decl":{"start":{"line":316,"column":35},"end":{"line":316,"column":36}},"loc":{"start":{"line":316,"column":41},"end":{"line":316,"column":64}},"line":316},"24":{"name":"(anonymous_24)","decl":{"start":{"line":344,"column":2},"end":{"line":344,"column":3}},"loc":{"start":{"line":344,"column":11},"end":{"line":413,"column":3}},"line":344},"25":{"name":"(anonymous_25)","decl":{"start":{"line":364,"column":48},"end":{"line":364,"column":49}},"loc":{"start":{"line":365,"column":24},"end":{"line":365,"column":47}},"line":365}},"branchMap":{"0":{"loc":{"start":{"line":126,"column":6},"end":{"line":128,"column":7}},"type":"if","locations":[{"start":{"line":126,"column":6},"end":{"line":128,"column":7}},{"start":{"line":126,"column":6},"end":{"line":128,"column":7}}],"line":126},"1":{"loc":{"start":{"line":140,"column":4},"end":{"line":142,"column":5}},"type":"if","locations":[{"start":{"line":140,"column":4},"end":{"line":142,"column":5}},{"start":{"line":140,"column":4},"end":{"line":142,"column":5}}],"line":140},"2":{"loc":{"start":{"line":143,"column":4},"end":{"line":145,"column":5}},"type":"if","locations":[{"start":{"line":143,"column":4},"end":{"line":145,"column":5}},{"start":{"line":143,"column":4},"end":{"line":145,"column":5}}],"line":143},"3":{"loc":{"start":{"line":149,"column":4},"end":{"line":159,"column":5}},"type":"if","locations":[{"start":{"line":149,"column":4},"end":{"line":159,"column":5}},{"start":{"line":149,"column":4},"end":{"line":159,"column":5}}],"line":149},"4":{"loc":{"start":{"line":149,"column":7},"end":{"line":149,"column":38}},"type":"binary-expr","locations":[{"start":{"line":149,"column":7},"end":{"line":149,"column":22}},{"start":{"line":149,"column":26},"end":{"line":149,"column":38}}],"line":149},"5":{"loc":{"start":{"line":152,"column":9},"end":{"line":159,"column":5}},"type":"if","locations":[{"start":{"line":152,"column":9},"end":{"line":159,"column":5}},{"start":{"line":152,"column":9},"end":{"line":159,"column":5}}],"line":152},"6":{"loc":{"start":{"line":162,"column":4},"end":{"line":164,"column":5}},"type":"if","locations":[{"start":{"line":162,"column":4},"end":{"line":164,"column":5}},{"start":{"line":162,"column":4},"end":{"line":164,"column":5}}],"line":162},"7":{"loc":{"start":{"line":162,"column":7},"end":{"line":162,"column":32}},"type":"binary-expr","locations":[{"start":{"line":162,"column":7},"end":{"line":162,"column":23}},{"start":{"line":162,"column":27},"end":{"line":162,"column":32}}],"line":162},"8":{"loc":{"start":{"line":166,"column":4},"end":{"line":169,"column":5}},"type":"if","locations":[{"start":{"line":166,"column":4},"end":{"line":169,"column":5}},{"start":{"line":166,"column":4},"end":{"line":169,"column":5}}],"line":166},"9":{"loc":{"start":{"line":205,"column":40},"end":{"line":205,"column":59}},"type":"cond-expr","locations":[{"start":{"line":205,"column":51},"end":{"line":205,"column":54}},{"start":{"line":205,"column":57},"end":{"line":205,"column":59}}],"line":205},"10":{"loc":{"start":{"line":217,"column":8},"end":{"line":224,"column":9}},"type":"if","locations":[{"start":{"line":217,"column":8},"end":{"line":224,"column":9}},{"start":{"line":217,"column":8},"end":{"line":224,"column":9}}],"line":217},"11":{"loc":{"start":{"line":218,"column":12},"end":{"line":221,"column":13}},"type":"if","locations":[{"start":{"line":218,"column":12},"end":{"line":221,"column":13}},{"start":{"line":218,"column":12},"end":{"line":221,"column":13}}],"line":218},"12":{"loc":{"start":{"line":285,"column":8},"end":{"line":288,"column":9}},"type":"if","locations":[{"start":{"line":285,"column":8},"end":{"line":288,"column":9}},{"start":{"line":285,"column":8},"end":{"line":288,"column":9}}],"line":285},"13":{"loc":{"start":{"line":294,"column":4},"end":{"line":307,"column":5}},"type":"if","locations":[{"start":{"line":294,"column":4},"end":{"line":307,"column":5}},{"start":{"line":294,"column":4},"end":{"line":307,"column":5}}],"line":294},"14":{"loc":{"start":{"line":294,"column":7},"end":{"line":294,"column":36}},"type":"binary-expr","locations":[{"start":{"line":294,"column":7},"end":{"line":294,"column":10}},{"start":{"line":294,"column":14},"end":{"line":294,"column":36}}],"line":294},"15":{"loc":{"start":{"line":318,"column":17},"end":{"line":322,"column":63}},"type":"cond-expr","locations":[{"start":{"line":319,"column":21},"end":{"line":320,"column":74}},{"start":{"line":321,"column":21},"end":{"line":322,"column":63}}],"line":318},"16":{"loc":{"start":{"line":321,"column":33},"end":{"line":322,"column":50}},"type":"cond-expr","locations":[{"start":{"line":322,"column":24},"end":{"line":322,"column":36}},{"start":{"line":322,"column":39},"end":{"line":322,"column":50}}],"line":321},"17":{"loc":{"start":{"line":328,"column":32},"end":{"line":330,"column":47}},"type":"cond-expr","locations":[{"start":{"line":329,"column":26},"end":{"line":329,"column":48}},{"start":{"line":330,"column":26},"end":{"line":330,"column":47}}],"line":328},"18":{"loc":{"start":{"line":330,"column":70},"end":{"line":330,"column":123}},"type":"cond-expr","locations":[{"start":{"line":330,"column":86},"end":{"line":330,"column":104}},{"start":{"line":330,"column":105},"end":{"line":330,"column":123}}],"line":330},"19":{"loc":{"start":{"line":345,"column":4},"end":{"line":412,"column":5}},"type":"if","locations":[{"start":{"line":345,"column":4},"end":{"line":412,"column":5}},{"start":{"line":345,"column":4},"end":{"line":412,"column":5}}],"line":345},"20":{"loc":{"start":{"line":356,"column":30},"end":{"line":358,"column":32}},"type":"cond-expr","locations":[{"start":{"line":357,"column":22},"end":{"line":357,"column":33}},{"start":{"line":358,"column":22},"end":{"line":358,"column":32}}],"line":356},"21":{"loc":{"start":{"line":378,"column":28},"end":{"line":380,"column":41}},"type":"cond-expr","locations":[{"start":{"line":379,"column":22},"end":{"line":379,"column":42}},{"start":{"line":380,"column":22},"end":{"line":380,"column":41}}],"line":378},"22":{"loc":{"start":{"line":387,"column":17},"end":{"line":399,"column":24}},"type":"cond-expr","locations":[{"start":{"line":388,"column":17},"end":{"line":398,"column":23}},{"start":{"line":399,"column":17},"end":{"line":399,"column":24}}],"line":387}},"s":{"0":1,"1":1,"2":1,"3":1,"4":0,"5":1,"6":0,"7":1,"8":0,"9":0,"10":0,"11":0,"12":0,"13":0,"14":0,"15":0,"16":0,"17":0,"18":0,"19":0,"20":0,"21":0,"22":0,"23":0,"24":0,"25":0,"26":0,"27":0,"28":0,"29":0,"30":0,"31":0,"32":0,"33":0,"34":0,"35":0,"36":0,"37":0,"38":0,"39":0,"40":0,"41":0,"42":0,"43":0,"44":0,"45":0,"46":0,"47":0,"48":0,"49":0,"50":0,"51":0,"52":0,"53":0,"54":0,"55":0,"56":0,"57":0,"58":0,"59":0,"60":0,"61":0,"62":0,"63":0,"64":0,"65":0,"66":0,"67":0,"68":0,"69":0,"70":0,"71":0,"72":0,"73":0,"74":0,"75":0,"76":0,"77":1,"78":1,"79":0,"80":0},"f":{"0":1,"1":0,"2":0,"3":0,"4":0,"5":0,"6":0,"7":0,"8":0,"9":0,"10":0,"11":0,"12":0,"13":0,"14":0,"15":0,"16":0,"17":0,"18":0,"19":0,"20":0,"21":0,"22":0,"23":0,"24":1,"25":0},"b":{"0":[0,1],"1":[0,0],"2":[0,0],"3":[0,0],"4":[0,0],"5":[0,0],"6":[0,0],"7":[0,0],"8":[0,0],"9":[0,0],"10":[0,0],"11":[0,0],"12":[0,0],"13":[0,0],"14":[0,0],"15":[0,0],"16":[0,0],"17":[0,0],"18":[0,0],"19":[1,0],"20":[1,0],"21":[0,0],"22":[0,0]},"_coverageSchema":"332fd63041d2c1bcb487cc26dd0d5f7d97098a6c","hash":"44e884bf4c4d943d53d6a3a21f5ff2b63adab624"}
,"C:\\Users\\Matthew\\CPEN321_Hacking_Company\\NeverEatAlone\\screens\\LoginScreen.js": {"path":"C:\\Users\\Matthew\\CPEN321_Hacking_Company\\NeverEatAlone\\screens\\LoginScreen.js","statementMap":{"0":{"start":{"line":13,"column":15},"end":{"line":27,"column":2}},"1":{"start":{"line":31,"column":4},"end":{"line":31,"column":17}},"2":{"start":{"line":32,"column":4},"end":{"line":32,"column":27}},"3":{"start":{"line":39,"column":4},"end":{"line":44,"column":6}},"4":{"start":{"line":48,"column":28},"end":{"line":51,"column":6}},"5":{"start":{"line":52,"column":4},"end":{"line":65,"column":5}},"6":{"start":{"line":53,"column":6},"end":{"line":59,"column":8}},"7":{"start":{"line":60,"column":6},"end":{"line":60,"column":29}},"8":{"start":{"line":61,"column":6},"end":{"line":61,"column":28}},"9":{"start":{"line":62,"column":6},"end":{"line":62,"column":28}},"10":{"start":{"line":63,"column":6},"end":{"line":63,"column":44}},"11":{"start":{"line":64,"column":6},"end":{"line":64,"column":29}},"12":{"start":{"line":69,"column":4},"end":{"line":90,"column":5}},"13":{"start":{"line":70,"column":6},"end":{"line":75,"column":14}},"14":{"start":{"line":78,"column":6},"end":{"line":89,"column":8}}},"fnMap":{"0":{"name":"(anonymous_0)","decl":{"start":{"line":30,"column":2},"end":{"line":30,"column":3}},"loc":{"start":{"line":30,"column":20},"end":{"line":33,"column":3}},"line":30},"1":{"name":"(anonymous_1)","decl":{"start":{"line":38,"column":2},"end":{"line":38,"column":3}},"loc":{"start":{"line":38,"column":15},"end":{"line":66,"column":3}},"line":38},"2":{"name":"(anonymous_2)","decl":{"start":{"line":68,"column":2},"end":{"line":68,"column":3}},"loc":{"start":{"line":68,"column":11},"end":{"line":91,"column":3}},"line":68}},"branchMap":{"0":{"loc":{"start":{"line":52,"column":4},"end":{"line":65,"column":5}},"type":"if","locations":[{"start":{"line":52,"column":4},"end":{"line":65,"column":5}},{"start":{"line":52,"column":4},"end":{"line":65,"column":5}}],"line":52},"1":{"loc":{"start":{"line":69,"column":4},"end":{"line":90,"column":5}},"type":"if","locations":[{"start":{"line":69,"column":4},"end":{"line":90,"column":5}},{"start":{"line":69,"column":4},"end":{"line":90,"column":5}}],"line":69}},"s":{"0":1,"1":3,"2":3,"3":0,"4":0,"5":0,"6":0,"7":0,"8":0,"9":0,"10":0,"11":0,"12":3,"13":0,"14":3},"f":{"0":3,"1":0,"2":3},"b":{"0":[0,0],"1":[0,3]},"_coverageSchema":"332fd63041d2c1bcb487cc26dd0d5f7d97098a6c","hash":"a82ceba0180677e11a6ecfefec187d4cbe1899d7"}
,"C:\\Users\\Matthew\\CPEN321_Hacking_Company\\NeverEatAlone\\screens\\SettingsTab.js": {"path":"C:\\Users\\Matthew\\CPEN321_Hacking_Company\\NeverEatAlone\\screens\\SettingsTab.js","statementMap":{"0":{"start":{"line":12,"column":15},"end":{"line":52,"column":2}},"1":{"start":{"line":57,"column":4},"end":{"line":57,"column":17}},"2":{"start":{"line":58,"column":4},"end":{"line":58,"column":39}},"3":{"start":{"line":59,"column":4},"end":{"line":61,"column":5}},"4":{"start":{"line":68,"column":4},"end":{"line":72,"column":6}},"5":{"start":{"line":69,"column":21},"end":{"line":69,"column":34}},"6":{"start":{"line":70,"column":6},"end":{"line":70,"column":31}},"7":{"start":{"line":71,"column":6},"end":{"line":71,"column":22}},"8":{"start":{"line":73,"column":4},"end":{"line":73,"column":36}},"9":{"start":{"line":77,"column":4},"end":{"line":78,"column":35}},"10":{"start":{"line":79,"column":4},"end":{"line":79,"column":25}},"11":{"start":{"line":80,"column":4},"end":{"line":80,"column":28}},"12":{"start":{"line":81,"column":4},"end":{"line":81,"column":43}},"13":{"start":{"line":85,"column":14},"end":{"line":102,"column":5}},"14":{"start":{"line":86,"column":6},"end":{"line":101,"column":9}},"15":{"start":{"line":97,"column":8},"end":{"line":97,"column":35}},"16":{"start":{"line":100,"column":8},"end":{"line":100,"column":54}},"17":{"start":{"line":103,"column":4},"end":{"line":111,"column":4}},"18":{"start":{"line":117,"column":4},"end":{"line":159,"column":12}},"19":{"start":{"line":130,"column":40},"end":{"line":130,"column":64}}},"fnMap":{"0":{"name":"(anonymous_0)","decl":{"start":{"line":56,"column":2},"end":{"line":56,"column":3}},"loc":{"start":{"line":56,"column":20},"end":{"line":62,"column":3}},"line":56},"1":{"name":"(anonymous_1)","decl":{"start":{"line":67,"column":2},"end":{"line":67,"column":3}},"loc":{"start":{"line":67,"column":22},"end":{"line":74,"column":3}},"line":67},"2":{"name":"(anonymous_2)","decl":{"start":{"line":68,"column":18},"end":{"line":68,"column":19}},"loc":{"start":{"line":68,"column":37},"end":{"line":72,"column":5}},"line":68},"3":{"name":"(anonymous_3)","decl":{"start":{"line":76,"column":2},"end":{"line":76,"column":3}},"loc":{"start":{"line":76,"column":10},"end":{"line":82,"column":3}},"line":76},"4":{"name":"(anonymous_4)","decl":{"start":{"line":84,"column":2},"end":{"line":84,"column":3}},"loc":{"start":{"line":84,"column":17},"end":{"line":112,"column":3}},"line":84},"5":{"name":"(anonymous_5)","decl":{"start":{"line":85,"column":14},"end":{"line":85,"column":15}},"loc":{"start":{"line":85,"column":20},"end":{"line":102,"column":5}},"line":85},"6":{"name":"(anonymous_6)","decl":{"start":{"line":96,"column":13},"end":{"line":96,"column":14}},"loc":{"start":{"line":96,"column":27},"end":{"line":98,"column":7}},"line":96},"7":{"name":"(anonymous_7)","decl":{"start":{"line":99,"column":13},"end":{"line":99,"column":14}},"loc":{"start":{"line":99,"column":22},"end":{"line":101,"column":7}},"line":99},"8":{"name":"(anonymous_8)","decl":{"start":{"line":114,"column":2},"end":{"line":114,"column":3}},"loc":{"start":{"line":114,"column":11},"end":{"line":160,"column":3}},"line":114},"9":{"name":"(anonymous_9)","decl":{"start":{"line":130,"column":29},"end":{"line":130,"column":30}},"loc":{"start":{"line":130,"column":40},"end":{"line":130,"column":64}},"line":130}},"branchMap":{"0":{"loc":{"start":{"line":140,"column":18},"end":{"line":142,"column":26}},"type":"cond-expr","locations":[{"start":{"line":141,"column":14},"end":{"line":141,"column":27}},{"start":{"line":142,"column":14},"end":{"line":142,"column":26}}],"line":140},"1":{"loc":{"start":{"line":151,"column":18},"end":{"line":153,"column":24}},"type":"cond-expr","locations":[{"start":{"line":152,"column":14},"end":{"line":152,"column":25}},{"start":{"line":153,"column":14},"end":{"line":153,"column":24}}],"line":151}},"s":{"0":1,"1":2,"2":2,"3":2,"4":0,"5":0,"6":0,"7":0,"8":0,"9":0,"10":0,"11":0,"12":0,"13":0,"14":0,"15":0,"16":0,"17":0,"18":0,"19":0},"f":{"0":2,"1":0,"2":0,"3":0,"4":0,"5":0,"6":0,"7":0,"8":0,"9":0},"b":{"0":[0,0],"1":[0,0]},"_coverageSchema":"332fd63041d2c1bcb487cc26dd0d5f7d97098a6c","hash":"b992d2fae17114f33784c7f1d6982213bbf3d9f4"}
}
