TN:
SF:C:\Users\Matthew\CPEN321_Hacking_Company\NeverEatAlone\App.js
FN:20,(anonymous_0)
FN:30,(anonymous_1)
FN:35,(anonymous_2)
FN:36,(anonymous_3)
FN:38,(anonymous_4)
FN:44,(anonymous_5)
FN:49,(anonymous_6)
FN:50,(anonymous_7)
FN:52,(anonymous_8)
FN:58,(anonymous_9)
FN:73,(anonymous_10)
FN:78,(anonymous_11)
FN:115,(anonymous_12)
FN:116,(anonymous_13)
FN:118,(anonymous_14)
FN:123,(anonymous_15)
FN:140,(anonymous_16)
FN:141,(anonymous_17)
FN:143,(anonymous_18)
FN:148,(anonymous_19)
FN:150,(anonymous_20)
FN:164,(anonymous_21)
FN:180,(anonymous_22)
FN:191,(anonymous_23)
FN:192,(anonymous_24)
FN:218,(anonymous_25)
FN:224,(anonymous_26)
FN:229,(anonymous_27)
FN:236,(anonymous_28)
FN:239,(anonymous_29)
FN:260,(anonymous_30)
FN:266,(anonymous_31)
FN:271,(anonymous_32)
FN:272,(anonymous_33)
FN:280,(anonymous_34)
FN:285,(anonymous_35)
FN:304,(anonymous_36)
FN:320,(anonymous_37)
FN:326,(anonymous_38)
FNF:39
FNH:0
FNDA:0,(anonymous_0)
FNDA:0,(anonymous_1)
FNDA:0,(anonymous_2)
FNDA:0,(anonymous_3)
FNDA:0,(anonymous_4)
FNDA:0,(anonymous_5)
FNDA:0,(anonymous_6)
FNDA:0,(anonymous_7)
FNDA:0,(anonymous_8)
FNDA:0,(anonymous_9)
FNDA:0,(anonymous_10)
FNDA:0,(anonymous_11)
FNDA:0,(anonymous_12)
FNDA:0,(anonymous_13)
FNDA:0,(anonymous_14)
FNDA:0,(anonymous_15)
FNDA:0,(anonymous_16)
FNDA:0,(anonymous_17)
FNDA:0,(anonymous_18)
FNDA:0,(anonymous_19)
FNDA:0,(anonymous_20)
FNDA:0,(anonymous_21)
FNDA:0,(anonymous_22)
FNDA:0,(anonymous_23)
FNDA:0,(anonymous_24)
FNDA:0,(anonymous_25)
FNDA:0,(anonymous_26)
FNDA:0,(anonymous_27)
FNDA:0,(anonymous_28)
FNDA:0,(anonymous_29)
FNDA:0,(anonymous_30)
FNDA:0,(anonymous_31)
FNDA:0,(anonymous_32)
FNDA:0,(anonymous_33)
FNDA:0,(anonymous_34)
FNDA:0,(anonymous_35)
FNDA:0,(anonymous_36)
FNDA:0,(anonymous_37)
FNDA:0,(anonymous_38)
DA:8,1
DA:12,1
DA:21,0
DA:22,0
DA:31,0
DA:35,0
DA:37,0
DA:39,0
DA:45,0
DA:49,0
DA:51,0
DA:53,0
DA:59,0
DA:60,0
DA:61,0
DA:62,0
DA:63,0
DA:66,0
DA:68,0
DA:69,0
DA:71,0
DA:74,0
DA:75,0
DA:76,0
DA:77,0
DA:78,0
DA:79,0
DA:82,0
DA:83,0
DA:86,0
DA:88,0
DA:89,0
DA:90,0
DA:92,0
DA:93,0
DA:95,0
DA:106,0
DA:115,0
DA:119,0
DA:121,0
DA:124,0
DA:125,0
DA:127,0
DA:131,0
DA:140,0
DA:142,0
DA:144,0
DA:149,0
DA:151,0
DA:152,0
DA:154,0
DA:158,0
DA:160,0
DA:161,0
DA:162,0
DA:165,0
DA:169,0
DA:170,0
DA:171,0
DA:172,0
DA:182,0
DA:183,0
DA:191,0
DA:193,0
DA:194,0
DA:195,0
DA:197,0
DA:198,0
DA:199,0
DA:200,0
DA:202,0
DA:208,0
DA:209,0
DA:210,0
DA:211,0
DA:212,0
DA:214,0
DA:215,0
DA:216,0
DA:219,0
DA:222,0
DA:225,0
DA:226,0
DA:227,0
DA:231,0
DA:232,0
DA:233,0
DA:237,0
DA:240,0
DA:241,0
DA:242,0
DA:243,0
DA:245,0
DA:246,0
DA:247,0
DA:248,0
DA:249,0
DA:250,0
DA:253,0
DA:254,0
DA:256,0
DA:257,0
DA:258,0
DA:262,0
DA:263,0
DA:264,0
DA:267,0
DA:271,0
DA:273,0
DA:274,0
DA:277,0
DA:281,0
DA:282,0
DA:286,0
DA:287,0
DA:295,0
DA:305,0
DA:327,0
LF:118
LH:2
BRDA:62,0,0,0
BRDA:62,0,1,0
BRDA:88,1,0,0
BRDA:88,1,1,0
BRDA:92,2,0,0
BRDA:92,2,1,0
BRDA:124,3,0,0
BRDA:124,3,1,0
BRDA:124,4,0,0
BRDA:124,4,1,0
BRDA:124,4,2,0
BRDA:151,5,0,0
BRDA:151,5,1,0
BRDA:180,6,0,0
BRDA:182,7,0,0
BRDA:182,7,1,0
BRDA:214,8,0,0
BRDA:214,8,1,0
BRDA:224,9,0,0
BRDA:241,10,0,0
BRDA:241,10,1,0
BRDA:242,11,0,0
BRDA:242,11,1,0
BRDA:247,12,0,0
BRDA:247,12,1,0
BRDA:253,13,0,0
BRDA:253,13,1,0
BRDA:286,14,0,0
BRDA:286,14,1,0
BRDA:286,15,0,0
BRDA:286,15,1,0
BRDA:297,16,0,0
BRDA:297,16,1,0
BRF:33
BRH:0
end_of_record
TN:
SF:C:\Users\Matthew\CPEN321_Hacking_Company\NeverEatAlone\fb.jpg
FNF:0
FNH:0
DA:1,1
LF:1
LH:1
BRF:0
BRH:0
end_of_record
TN:
SF:C:\Users\Matthew\CPEN321_Hacking_Company\NeverEatAlone\logo.png
FNF:0
FNH:0
DA:1,1
LF:1
LH:1
BRF:0
BRH:0
end_of_record
TN:
SF:C:\Users\Matthew\CPEN321_Hacking_Company\NeverEatAlone\components\TabBarIcon.js
FN:7,(anonymous_0)
FNF:1
FNH:0
FNDA:0,(anonymous_0)
DA:8,0
LF:1
LH:0
BRDA:13,0,0,0
BRDA:13,0,1,0
BRF:2
BRH:0
end_of_record
TN:
SF:C:\Users\Matthew\CPEN321_Hacking_Company\NeverEatAlone\constants\Colors.js
FNF:0
FNH:0
DA:1,1
LF:1
LH:1
BRF:0
BRH:0
end_of_record
TN:
SF:C:\Users\Matthew\CPEN321_Hacking_Company\NeverEatAlone\navigation\AppNavigator.js
FNF:0
FNH:0
LF:0
LH:0
BRF:0
BRH:0
end_of_record
TN:
SF:C:\Users\Matthew\CPEN321_Hacking_Company\NeverEatAlone\navigation\MainTabNavigator.js
FN:18,(anonymous_0)
FN:36,(anonymous_1)
FN:55,(anonymous_2)
FN:73,(anonymous_3)
FNF:4
FNH:0
FNDA:0,(anonymous_0)
FNDA:0,(anonymous_1)
FNDA:0,(anonymous_2)
FNDA:0,(anonymous_3)
DA:12,1
DA:16,1
DA:19,0
DA:30,1
DA:34,1
DA:37,0
DA:49,1
DA:53,1
DA:56,0
DA:67,1
DA:71,1
DA:74,0
DA:86,1
LF:13
LH:9
BRDA:22,0,0,0
BRDA:22,0,1,0
BRDA:41,1,0,0
BRDA:41,1,1,0
BRDA:59,2,0,0
BRDA:59,2,1,0
BRDA:77,3,0,0
BRDA:77,3,1,0
BRF:8
BRH:0
end_of_record
TN:
SF:C:\Users\Matthew\CPEN321_Hacking_Company\NeverEatAlone\screens\CalTab.js
FN:148,(anonymous_0)
FN:185,(anonymous_1)
FN:194,(anonymous_2)
FN:217,(anonymous_3)
FN:232,(anonymous_4)
FN:233,(anonymous_5)
FN:249,(anonymous_6)
FN:250,(anonymous_7)
FN:252,(anonymous_8)
FN:257,(anonymous_9)
FN:258,(anonymous_10)
FN:266,(anonymous_11)
FN:267,(anonymous_12)
FN:295,(anonymous_13)
FN:305,(anonymous_14)
FN:307,(anonymous_15)
FN:345,(anonymous_16)
FN:346,(anonymous_17)
FN:372,(anonymous_18)
FN:373,(anonymous_19)
FN:394,(anonymous_20)
FN:395,(anonymous_21)
FN:410,(anonymous_22)
FN:417,(anonymous_23)
FN:440,(anonymous_24)
FN:445,(anonymous_25)
FN:446,(anonymous_26)
FN:455,(anonymous_27)
FN:456,(anonymous_28)
FN:465,(anonymous_29)
FN:466,(anonymous_30)
FN:473,(anonymous_31)
FN:488,(anonymous_32)
FN:489,(anonymous_33)
FN:491,(anonymous_34)
FN:497,(anonymous_35)
FN:503,(anonymous_36)
FN:510,(anonymous_37)
FN:521,(anonymous_38)
FN:538,(anonymous_39)
FN:547,(anonymous_40)
FN:551,(anonymous_41)
FN:582,(anonymous_42)
FN:583,(anonymous_43)
FN:590,(anonymous_44)
FN:591,(anonymous_45)
FN:598,(anonymous_46)
FN:599,(anonymous_47)
FN:606,(anonymous_48)
FN:609,(anonymous_49)
FN:616,(anonymous_50)
FN:625,(anonymous_51)
FN:628,(anonymous_52)
FN:666,(anonymous_53)
FN:689,(anonymous_54)
FN:694,(anonymous_55)
FN:697,(anonymous_56)
FN:710,(anonymous_57)
FNF:58
FNH:3
FNDA:3,(anonymous_0)
FNDA:78,(anonymous_1)
FNDA:0,(anonymous_2)
FNDA:0,(anonymous_3)
FNDA:0,(anonymous_4)
FNDA:0,(anonymous_5)
FNDA:0,(anonymous_6)
FNDA:0,(anonymous_7)
FNDA:0,(anonymous_8)
FNDA:0,(anonymous_9)
FNDA:0,(anonymous_10)
FNDA:0,(anonymous_11)
FNDA:0,(anonymous_12)
FNDA:0,(anonymous_13)
FNDA:0,(anonymous_14)
FNDA:0,(anonymous_15)
FNDA:0,(anonymous_16)
FNDA:0,(anonymous_17)
FNDA:0,(anonymous_18)
FNDA:0,(anonymous_19)
FNDA:0,(anonymous_20)
FNDA:0,(anonymous_21)
FNDA:0,(anonymous_22)
FNDA:0,(anonymous_23)
FNDA:0,(anonymous_24)
FNDA:0,(anonymous_25)
FNDA:0,(anonymous_26)
FNDA:0,(anonymous_27)
FNDA:0,(anonymous_28)
FNDA:0,(anonymous_29)
FNDA:0,(anonymous_30)
FNDA:0,(anonymous_31)
FNDA:0,(anonymous_32)
FNDA:0,(anonymous_33)
FNDA:0,(anonymous_34)
FNDA:0,(anonymous_35)
FNDA:0,(anonymous_36)
FNDA:0,(anonymous_37)
FNDA:0,(anonymous_38)
FNDA:0,(anonymous_39)
FNDA:0,(anonymous_40)
FNDA:0,(anonymous_41)
FNDA:0,(anonymous_42)
FNDA:0,(anonymous_43)
FNDA:0,(anonymous_44)
FNDA:0,(anonymous_45)
FNDA:0,(anonymous_46)
FNDA:0,(anonymous_47)
FNDA:0,(anonymous_48)
FNDA:0,(anonymous_49)
FNDA:0,(anonymous_50)
FNDA:0,(anonymous_51)
FNDA:3,(anonymous_52)
FNDA:0,(anonymous_53)
FNDA:0,(anonymous_54)
FNDA:0,(anonymous_55)
FNDA:0,(anonymous_56)
FNDA:0,(anonymous_57)
DA:16,1
DA:149,3
DA:150,3
DA:151,3
DA:153,3
DA:165,3
DA:166,1
DA:169,3
DA:173,3
DA:177,3
DA:178,72
DA:181,72
DA:185,3
DA:186,78
DA:195,0
DA:196,0
DA:203,0
DA:204,0
DA:209,0
DA:212,0
DA:219,0
DA:220,0
DA:221,0
DA:222,0
DA:224,0
DA:226,0
DA:227,0
DA:228,0
DA:231,0
DA:232,0
DA:234,0
DA:235,0
DA:236,0
DA:237,0
DA:238,0
DA:239,0
DA:240,0
DA:249,0
DA:251,0
DA:252,0
DA:253,0
DA:254,0
DA:255,0
DA:257,0
DA:259,0
DA:260,0
DA:267,0
DA:268,0
DA:269,0
DA:271,0
DA:278,0
DA:279,0
DA:280,0
DA:282,0
DA:283,0
DA:284,0
DA:289,0
DA:292,0
DA:293,0
DA:295,0
DA:296,0
DA:297,0
DA:298,0
DA:306,0
DA:307,0
DA:308,0
DA:309,0
DA:310,0
DA:311,0
DA:312,0
DA:313,0
DA:314,0
DA:315,0
DA:316,0
DA:317,0
DA:318,0
DA:323,0
DA:324,0
DA:326,0
DA:329,0
DA:330,0
DA:331,0
DA:336,0
DA:337,0
DA:338,0
DA:340,0
DA:346,0
DA:347,0
DA:348,0
DA:349,0
DA:350,0
DA:351,0
DA:352,0
DA:353,0
DA:354,0
DA:355,0
DA:357,0
DA:358,0
DA:361,0
DA:364,0
DA:365,0
DA:367,0
DA:368,0
DA:373,0
DA:374,0
DA:375,0
DA:376,0
DA:377,0
DA:378,0
DA:379,0
DA:380,0
DA:381,0
DA:382,0
DA:383,0
DA:384,0
DA:385,0
DA:390,0
DA:395,0
DA:396,0
DA:397,0
DA:403,0
DA:404,0
DA:405,0
DA:411,0
DA:412,0
DA:413,0
DA:418,0
DA:419,0
DA:420,0
DA:421,0
DA:422,0
DA:424,0
DA:432,0
DA:433,0
DA:441,0
DA:446,0
DA:447,0
DA:448,0
DA:449,0
DA:451,0
DA:456,0
DA:457,0
DA:458,0
DA:459,0
DA:461,0
DA:466,0
DA:467,0
DA:468,0
DA:469,0
DA:474,0
DA:479,0
DA:488,0
DA:492,0
DA:498,0
DA:504,0
DA:511,0
DA:512,0
DA:513,0
DA:514,0
DA:515,0
DA:516,0
DA:517,0
DA:522,0
DA:523,0
DA:525,0
DA:526,0
DA:527,0
DA:528,0
DA:530,0
DA:531,0
DA:532,0
DA:533,0
DA:535,0
DA:539,0
DA:540,0
DA:541,0
DA:542,0
DA:543,0
DA:546,0
DA:547,0
DA:548,0
DA:551,0
DA:558,0
DA:559,0
DA:561,0
DA:562,0
DA:563,0
DA:566,0
DA:568,0
DA:569,0
DA:571,0
DA:583,0
DA:584,0
DA:585,0
DA:586,0
DA:591,0
DA:592,0
DA:593,0
DA:594,0
DA:599,0
DA:600,0
DA:601,0
DA:602,0
DA:607,0
DA:608,0
DA:609,0
DA:610,0
DA:611,0
DA:612,0
DA:617,0
DA:618,0
DA:621,0
DA:629,3
DA:630,3
DA:666,0
DA:672,0
DA:673,0
DA:690,0
DA:691,0
DA:694,0
DA:697,0
DA:710,0
LF:222
LH:16
BRDA:165,0,0,1
BRDA:165,0,1,2
BRDA:181,1,0,39
BRDA:181,1,1,33
BRDA:203,2,0,0
BRDA:203,2,1,0
BRDA:219,3,0,0
BRDA:219,3,1,0
BRDA:221,4,0,0
BRDA:221,4,1,0
BRDA:227,5,0,0
BRDA:227,5,1,0
BRDA:279,6,0,0
BRDA:279,6,1,0
BRDA:280,7,0,0
BRDA:280,7,1,0
BRDA:305,8,0,0
BRDA:305,9,0,0
BRDA:313,10,0,0
BRDA:313,10,1,0
BRDA:315,11,0,0
BRDA:315,11,1,0
BRDA:317,12,0,0
BRDA:317,12,1,0
BRDA:329,13,0,0
BRDA:329,13,1,0
BRDA:337,14,0,0
BRDA:337,14,1,0
BRDA:353,15,0,0
BRDA:353,15,1,0
BRDA:355,16,0,0
BRDA:355,16,1,0
BRDA:420,17,0,0
BRDA:420,17,1,0
BRDA:514,18,0,0
BRDA:514,18,1,0
BRDA:515,19,0,0
BRDA:515,19,1,0
BRDA:522,20,0,0
BRDA:522,20,1,0
BRDA:527,21,0,0
BRDA:527,21,1,0
BRDA:530,22,0,0
BRDA:530,22,1,0
BRDA:532,23,0,0
BRDA:532,23,1,0
BRDA:546,24,0,0
BRDA:546,24,1,0
BRDA:562,25,0,0
BRDA:562,25,1,0
BRDA:568,26,0,0
BRDA:568,26,1,0
BRDA:617,27,0,0
BRDA:617,27,1,0
BRDA:629,28,0,3
BRDA:629,28,1,0
BRDA:635,29,0,3
BRDA:635,29,1,0
BRDA:646,30,0,3
BRDA:646,30,1,0
BRDA:653,31,0,0
BRDA:653,31,1,3
BRDA:672,32,0,0
BRDA:672,32,1,0
BRDA:678,33,0,0
BRDA:678,33,1,0
BRDA:690,34,0,0
BRDA:690,34,1,0
BRDA:706,35,0,0
BRDA:706,35,1,0
BRDA:727,36,0,0
BRDA:727,36,1,0
BRF:72
BRH:8
end_of_record
TN:
SF:C:\Users\Matthew\CPEN321_Hacking_Company\NeverEatAlone\screens\FriendTab.js
FN:153,(anonymous_0)
FN:171,(anonymous_1)
FN:172,(anonymous_2)
FN:178,(anonymous_3)
FN:179,(anonymous_4)
FN:185,(anonymous_5)
FN:186,(anonymous_6)
FN:199,(anonymous_7)
FN:200,(anonymous_8)
FN:219,(anonymous_9)
FN:237,(anonymous_10)
FN:254,(anonymous_11)
FN:255,(anonymous_12)
FN:262,(anonymous_13)
FN:266,(anonymous_14)
FN:277,(anonymous_15)
FN:278,(anonymous_16)
FN:282,(anonymous_17)
FN:286,(anonymous_18)
FN:288,(anonymous_19)
FN:295,(anonymous_20)
FN:296,(anonymous_21)
FN:305,(anonymous_22)
FN:314,(anonymous_23)
FN:326,(anonymous_24)
FN:352,(anonymous_25)
FN:353,(anonymous_26)
FN:356,(anonymous_27)
FN:363,(anonymous_28)
FN:370,(anonymous_29)
FN:371,(anonymous_30)
FN:396,(anonymous_31)
FN:397,(anonymous_32)
FN:400,(anonymous_33)
FN:417,(anonymous_34)
FN:419,(anonymous_35)
FN:432,(anonymous_36)
FN:454,(anonymous_37)
FN:463,(anonymous_38)
FN:472,(anonymous_39)
FN:483,(anonymous_40)
FN:490,(anonymous_41)
FN:512,(anonymous_42)
FN:526,(anonymous_43)
FN:553,(anonymous_44)
FN:554,(anonymous_45)
FN:560,(anonymous_46)
FN:578,(anonymous_47)
FN:579,(anonymous_48)
FN:584,(anonymous_49)
FNF:50
FNH:2
FNDA:2,(anonymous_0)
FNDA:0,(anonymous_1)
FNDA:0,(anonymous_2)
FNDA:0,(anonymous_3)
FNDA:0,(anonymous_4)
FNDA:0,(anonymous_5)
FNDA:0,(anonymous_6)
FNDA:0,(anonymous_7)
FNDA:0,(anonymous_8)
FNDA:0,(anonymous_9)
FNDA:0,(anonymous_10)
FNDA:0,(anonymous_11)
FNDA:0,(anonymous_12)
FNDA:0,(anonymous_13)
FNDA:0,(anonymous_14)
FNDA:0,(anonymous_15)
FNDA:0,(anonymous_16)
FNDA:0,(anonymous_17)
FNDA:0,(anonymous_18)
FNDA:0,(anonymous_19)
FNDA:0,(anonymous_20)
FNDA:0,(anonymous_21)
FNDA:0,(anonymous_22)
FNDA:0,(anonymous_23)
FNDA:0,(anonymous_24)
FNDA:0,(anonymous_25)
FNDA:0,(anonymous_26)
FNDA:0,(anonymous_27)
FNDA:0,(anonymous_28)
FNDA:0,(anonymous_29)
FNDA:0,(anonymous_30)
FNDA:0,(anonymous_31)
FNDA:0,(anonymous_32)
FNDA:0,(anonymous_33)
FNDA:0,(anonymous_34)
FNDA:0,(anonymous_35)
FNDA:2,(anonymous_36)
FNDA:0,(anonymous_37)
FNDA:0,(anonymous_38)
FNDA:0,(anonymous_39)
FNDA:0,(anonymous_40)
FNDA:0,(anonymous_41)
FNDA:0,(anonymous_42)
FNDA:0,(anonymous_43)
FNDA:0,(anonymous_44)
FNDA:0,(anonymous_45)
FNDA:0,(anonymous_46)
FNDA:0,(anonymous_47)
FNDA:0,(anonymous_48)
FNDA:0,(anonymous_49)
DA:12,1
DA:154,2
DA:155,2
DA:171,2
DA:172,0
DA:173,0
DA:174,0
DA:175,0
DA:178,2
DA:179,0
DA:180,0
DA:181,0
DA:182,0
DA:185,2
DA:186,0
DA:187,0
DA:188,0
DA:189,0
DA:190,0
DA:191,0
DA:192,0
DA:196,0
DA:199,2
DA:200,0
DA:201,0
DA:202,0
DA:203,0
DA:204,0
DA:205,0
DA:206,0
DA:210,0
DA:213,2
DA:214,2
DA:215,2
DA:216,2
DA:220,0
DA:221,0
DA:223,0
DA:224,0
DA:225,0
DA:227,0
DA:228,0
DA:229,0
DA:230,0
DA:231,0
DA:238,0
DA:239,0
DA:241,0
DA:242,0
DA:244,0
DA:245,0
DA:246,0
DA:249,0
DA:250,0
DA:255,0
DA:256,0
DA:257,0
DA:258,0
DA:263,0
DA:264,0
DA:266,0
DA:267,0
DA:268,0
DA:269,0
DA:270,0
DA:271,0
DA:273,0
DA:277,0
DA:279,0
DA:283,0
DA:287,0
DA:288,0
DA:289,0
DA:290,0
DA:291,0
DA:292,0
DA:296,0
DA:297,0
DA:298,0
DA:299,0
DA:300,0
DA:301,0
DA:306,0
DA:307,0
DA:315,0
DA:316,0
DA:317,0
DA:318,0
DA:319,0
DA:328,0
DA:345,0
DA:352,0
DA:357,0
DA:360,0
DA:364,0
DA:365,0
DA:366,0
DA:367,0
DA:371,0
DA:372,0
DA:389,0
DA:396,0
DA:401,0
DA:404,0
DA:406,0
DA:418,0
DA:419,0
DA:434,2
DA:435,0
DA:454,0
DA:463,0
DA:472,0
DA:484,0
DA:485,0
DA:486,0
DA:490,0
DA:507,2
DA:508,0
DA:512,0
DA:526,0
DA:533,2
DA:553,0
DA:556,0
DA:560,0
DA:578,0
DA:580,0
DA:584,0
LF:127
LH:14
BRDA:190,0,0,0
BRDA:190,0,1,0
BRDA:204,1,0,0
BRDA:204,1,1,0
BRDA:220,2,0,0
BRDA:220,2,1,0
BRDA:224,3,0,0
BRDA:224,3,1,0
BRDA:238,4,0,0
BRDA:238,4,1,0
BRDA:241,5,0,0
BRDA:241,5,1,0
BRDA:244,6,0,0
BRDA:244,6,1,0
BRDA:306,7,0,0
BRDA:306,7,1,0
BRDA:318,8,0,0
BRDA:318,8,1,0
BRDA:434,9,0,0
BRDA:434,9,1,2
BRDA:440,10,0,0
BRDA:440,10,1,0
BRDA:447,11,0,0
BRDA:447,11,1,0
BRDA:455,12,0,0
BRDA:455,12,1,0
BRDA:464,13,0,0
BRDA:464,13,1,0
BRDA:473,14,0,0
BRDA:473,14,1,0
BRDA:484,15,0,0
BRDA:484,15,1,0
BRDA:499,16,0,0
BRDA:499,16,1,0
BRDA:507,17,0,0
BRDA:507,17,1,2
BRDA:514,18,0,0
BRDA:514,18,1,0
BRDA:521,19,0,0
BRDA:521,19,1,0
BRDA:535,20,0,2
BRDA:535,20,1,0
BRF:42
BRH:3
end_of_record
TN:
SF:C:\Users\Matthew\CPEN321_Hacking_Company\NeverEatAlone\screens\InvitesTab.js
FN:114,(anonymous_0)
FN:129,(anonymous_1)
FN:138,(anonymous_2)
FN:148,(anonymous_3)
FN:161,(anonymous_4)
FN:177,(anonymous_5)
FN:178,(anonymous_6)
FN:185,(anonymous_7)
FN:186,(anonymous_8)
FN:194,(anonymous_9)
FN:195,(anonymous_10)
FN:196,(anonymous_11)
FN:215,(anonymous_12)
FN:247,(anonymous_13)
FN:248,(anonymous_14)
FN:250,(anonymous_15)
FN:256,(anonymous_16)
FN:276,(anonymous_17)
FN:277,(anonymous_18)
FN:279,(anonymous_19)
FN:293,(anonymous_20)
FN:310,(anonymous_21)
FN:314,(anonymous_22)
FN:316,(anonymous_23)
FN:344,(anonymous_24)
FN:364,(anonymous_25)
FNF:26
FNH:2
FNDA:1,(anonymous_0)
FNDA:0,(anonymous_1)
FNDA:0,(anonymous_2)
FNDA:0,(anonymous_3)
FNDA:0,(anonymous_4)
FNDA:0,(anonymous_5)
FNDA:0,(anonymous_6)
FNDA:0,(anonymous_7)
FNDA:0,(anonymous_8)
FNDA:0,(anonymous_9)
FNDA:0,(anonymous_10)
FNDA:0,(anonymous_11)
FNDA:0,(anonymous_12)
FNDA:0,(anonymous_13)
FNDA:0,(anonymous_14)
FNDA:0,(anonymous_15)
FNDA:0,(anonymous_16)
FNDA:0,(anonymous_17)
FNDA:0,(anonymous_18)
FNDA:0,(anonymous_19)
FNDA:0,(anonymous_20)
FNDA:0,(anonymous_21)
FNDA:0,(anonymous_22)
FNDA:0,(anonymous_23)
FNDA:1,(anonymous_24)
FNDA:0,(anonymous_25)
DA:12,1
DA:115,1
DA:116,1
DA:126,1
DA:127,0
DA:129,1
DA:130,0
DA:133,1
DA:139,0
DA:140,0
DA:141,0
DA:143,0
DA:144,0
DA:146,0
DA:149,0
DA:150,0
DA:152,0
DA:153,0
DA:154,0
DA:157,0
DA:158,0
DA:162,0
DA:163,0
DA:165,0
DA:166,0
DA:168,0
DA:170,0
DA:171,0
DA:172,0
DA:173,0
DA:174,0
DA:178,0
DA:179,0
DA:180,0
DA:181,0
DA:186,0
DA:187,0
DA:188,0
DA:189,0
DA:190,0
DA:195,0
DA:196,0
DA:197,0
DA:198,0
DA:199,0
DA:200,0
DA:203,0
DA:204,0
DA:216,0
DA:217,0
DA:218,0
DA:219,0
DA:220,0
DA:222,0
DA:223,0
DA:226,0
DA:228,0
DA:238,0
DA:247,0
DA:251,0
DA:252,0
DA:257,0
DA:267,0
DA:276,0
DA:280,0
DA:281,0
DA:284,0
DA:285,0
DA:286,0
DA:287,0
DA:290,0
DA:294,0
DA:295,0
DA:306,0
DA:311,0
DA:315,0
DA:316,0
DA:345,1
DA:346,1
DA:365,0
DA:373,0
LF:81
LH:8
BRDA:126,0,0,0
BRDA:126,0,1,1
BRDA:140,1,0,0
BRDA:140,1,1,0
BRDA:143,2,0,0
BRDA:143,2,1,0
BRDA:149,3,0,0
BRDA:149,3,1,0
BRDA:149,4,0,0
BRDA:149,4,1,0
BRDA:152,5,0,0
BRDA:152,5,1,0
BRDA:162,6,0,0
BRDA:162,6,1,0
BRDA:162,7,0,0
BRDA:162,7,1,0
BRDA:166,8,0,0
BRDA:166,8,1,0
BRDA:205,9,0,0
BRDA:205,9,1,0
BRDA:217,10,0,0
BRDA:217,10,1,0
BRDA:218,11,0,0
BRDA:218,11,1,0
BRDA:285,12,0,0
BRDA:285,12,1,0
BRDA:294,13,0,0
BRDA:294,13,1,0
BRDA:294,14,0,0
BRDA:294,14,1,0
BRDA:318,15,0,0
BRDA:318,15,1,0
BRDA:321,16,0,0
BRDA:321,16,1,0
BRDA:328,17,0,0
BRDA:328,17,1,0
BRDA:330,18,0,0
BRDA:330,18,1,0
BRDA:345,19,0,1
BRDA:345,19,1,0
BRDA:356,20,0,1
BRDA:356,20,1,0
BRDA:378,21,0,0
BRDA:378,21,1,0
BRDA:387,22,0,0
BRDA:387,22,1,0
BRF:46
BRH:3
end_of_record
TN:
SF:C:\Users\Matthew\CPEN321_Hacking_Company\NeverEatAlone\screens\LoginScreen.js
FN:30,(anonymous_0)
FN:38,(anonymous_1)
FN:68,(anonymous_2)
FNF:3
FNH:2
FNDA:3,(anonymous_0)
FNDA:0,(anonymous_1)
FNDA:3,(anonymous_2)
DA:13,1
DA:31,3
DA:32,3
DA:39,0
DA:48,0
DA:52,0
DA:53,0
DA:60,0
DA:61,0
DA:62,0
DA:63,0
DA:64,0
DA:69,3
DA:70,0
DA:78,3
LF:15
LH:5
BRDA:52,0,0,0
BRDA:52,0,1,0
BRDA:69,1,0,0
BRDA:69,1,1,3
BRF:4
BRH:1
end_of_record
TN:
SF:C:\Users\Matthew\CPEN321_Hacking_Company\NeverEatAlone\screens\SettingsTab.js
FN:56,(anonymous_0)
FN:67,(anonymous_1)
FN:68,(anonymous_2)
FN:76,(anonymous_3)
FN:84,(anonymous_4)
FN:85,(anonymous_5)
FN:96,(anonymous_6)
FN:99,(anonymous_7)
FN:114,(anonymous_8)
FN:130,(anonymous_9)
FNF:10
FNH:1
FNDA:2,(anonymous_0)
FNDA:0,(anonymous_1)
FNDA:0,(anonymous_2)
FNDA:0,(anonymous_3)
FNDA:0,(anonymous_4)
FNDA:0,(anonymous_5)
FNDA:0,(anonymous_6)
FNDA:0,(anonymous_7)
FNDA:0,(anonymous_8)
FNDA:0,(anonymous_9)
DA:12,1
DA:57,2
DA:58,2
DA:59,2
DA:68,0
DA:69,0
DA:70,0
DA:71,0
DA:73,0
DA:77,0
DA:79,0
DA:80,0
DA:81,0
DA:85,0
DA:86,0
DA:97,0
DA:100,0
DA:103,0
DA:117,0
DA:130,0
LF:20
LH:4
BRDA:140,0,0,0
BRDA:140,0,1,0
BRDA:151,1,0,0
BRDA:151,1,1,0
BRF:4
BRH:0
end_of_record
